<?xml version="1.0" encoding="UTF-8"?>
<testng-results ignored="0" total="68" passed="51" failed="17" skipped="0">
  <reporter-output>
  </reporter-output>
  <suite started-at="2025-06-30T15:22:06 IST" name="Default suite" finished-at="2025-06-30T15:28:18 IST" duration-ms="372099">
    <groups>
    </groups>
    <test started-at="2025-06-30T15:22:06 IST" name="Default test" finished-at="2025-06-30T15:28:18 IST" duration-ms="372099">
      <class name="tests.TestScripts">
        <test-method is-config="true" signature="setUp(java.lang.String)[pri:0, instance:tests.TestScripts@b2c9a9c]" started-at="2025-06-30T15:22:06 IST" name="setUp" finished-at="2025-06-30T15:22:11 IST" duration-ms="5835" status="PASS">
          <params>
            <param index="0">
              <value>
                <![CDATA[chrome]]>
              </value>
            </param>
          </params>
          <reporter-output>
          </reporter-output>
        </test-method> <!-- setUp -->
        <test-method is-config="true" signature="setUpPagesAndUtils()[pri:0, instance:tests.TestScripts@b2c9a9c]" started-at="2025-06-30T15:22:13 IST" name="setUpPagesAndUtils" finished-at="2025-06-30T15:22:13 IST" duration-ms="63" status="PASS">
          <reporter-output>
          </reporter-output>
        </test-method> <!-- setUpPagesAndUtils -->
        <test-method signature="validateName([Ljava.lang.String;)[pri:0, instance:tests.TestScripts@b2c9a9c]" started-at="2025-06-30T15:22:13 IST" name="validateName" data-provider="filereader" finished-at="2025-06-30T15:22:14 IST" duration-ms="588" status="FAIL">
          <params>
            <param index="0">
              <value>
                <![CDATA[[Ljava.lang.String;@680a66dd]]>
              </value>
            </param>
          </params>
          <exception class="java.lang.AssertionError">
            <message>
              <![CDATA[  Name needs to fails but pass. expected [false] but found [true]]]>
            </message>
            <full-stacktrace>
              <![CDATA[java.lang.AssertionError:   Name needs to fails but pass. expected [false] but found [true]
at org.testng.Assert.fail(Assert.java:111)
at org.testng.Assert.failNotEquals(Assert.java:1590)
at org.testng.Assert.assertFalse(Assert.java:79)
at tests.TestScripts.validateName(TestScripts.java:51)
at java.base/jdk.internal.reflect.DirectMethodHandleAccessor.invoke(DirectMethodHandleAccessor.java:103)
at java.base/java.lang.reflect.Method.invoke(Method.java:580)
at org.testng.internal.invokers.MethodInvocationHelper.invokeMethod(MethodInvocationHelper.java:141)
at org.testng.internal.invokers.TestInvoker.invokeMethod(TestInvoker.java:687)
at org.testng.internal.invokers.TestInvoker.invokeTestMethod(TestInvoker.java:230)
at org.testng.internal.invokers.MethodRunner.runInSequence(MethodRunner.java:63)
at org.testng.internal.invokers.TestInvoker$MethodInvocationAgent.invoke(TestInvoker.java:995)
at org.testng.internal.invokers.TestInvoker.invokeTestMethods(TestInvoker.java:203)
at org.testng.internal.invokers.TestMethodWorker.invokeTestMethods(TestMethodWorker.java:154)
at org.testng.internal.invokers.TestMethodWorker.run(TestMethodWorker.java:134)
at java.base/java.util.ArrayList.forEach(ArrayList.java:1596)
at org.testng.TestRunner.privateRun(TestRunner.java:741)
at org.testng.TestRunner.run(TestRunner.java:616)
at org.testng.SuiteRunner.runTest(SuiteRunner.java:421)
at org.testng.SuiteRunner.runSequentially(SuiteRunner.java:413)
at org.testng.SuiteRunner.privateRun(SuiteRunner.java:373)
at org.testng.SuiteRunner.run(SuiteRunner.java:312)
at org.testng.SuiteRunnerWorker.runSuite(SuiteRunnerWorker.java:52)
at org.testng.SuiteRunnerWorker.run(SuiteRunnerWorker.java:95)
at org.testng.TestNG.runSuitesSequentially(TestNG.java:1274)
at org.testng.TestNG.runSuitesLocally(TestNG.java:1208)
at org.testng.TestNG.runSuites(TestNG.java:1112)
at org.testng.TestNG.run(TestNG.java:1079)
at org.testng.remote.AbstractRemoteTestNG.run(AbstractRemoteTestNG.java:115)
at org.testng.remote.RemoteTestNG.initAndRun(RemoteTestNG.java:293)
at org.testng.remote.RemoteTestNG.main(RemoteTestNG.java:91)
]]>
            </full-stacktrace>
          </exception> <!-- java.lang.AssertionError -->
          <reporter-output>
          </reporter-output>
        </test-method> <!-- validateName -->
        <test-method is-config="true" signature="setUpPagesAndUtils()[pri:0, instance:tests.TestScripts@b2c9a9c]" started-at="2025-06-30T15:22:14 IST" name="setUpPagesAndUtils" finished-at="2025-06-30T15:22:14 IST" duration-ms="3" status="PASS">
          <reporter-output>
          </reporter-output>
        </test-method> <!-- setUpPagesAndUtils -->
        <test-method signature="validateName([Ljava.lang.String;)[pri:0, instance:tests.TestScripts@b2c9a9c]" started-at="2025-06-30T15:22:14 IST" name="validateName" data-provider="filereader" finished-at="2025-06-30T15:22:14 IST" duration-ms="450" status="PASS">
          <params>
            <param index="0">
              <value>
                <![CDATA[[Ljava.lang.String;@6b83bf27]]>
              </value>
            </param>
          </params>
          <reporter-output>
          </reporter-output>
        </test-method> <!-- validateName -->
        <test-method is-config="true" signature="setUpPagesAndUtils()[pri:0, instance:tests.TestScripts@b2c9a9c]" started-at="2025-06-30T15:22:14 IST" name="setUpPagesAndUtils" finished-at="2025-06-30T15:22:14 IST" duration-ms="3" status="PASS">
          <reporter-output>
          </reporter-output>
        </test-method> <!-- setUpPagesAndUtils -->
        <test-method signature="validateName([Ljava.lang.String;)[pri:0, instance:tests.TestScripts@b2c9a9c]" started-at="2025-06-30T15:22:14 IST" name="validateName" data-provider="filereader" finished-at="2025-06-30T15:22:15 IST" duration-ms="581" status="PASS">
          <params>
            <param index="0">
              <value>
                <![CDATA[[Ljava.lang.String;@64c170c4]]>
              </value>
            </param>
          </params>
          <reporter-output>
          </reporter-output>
        </test-method> <!-- validateName -->
        <test-method is-config="true" signature="setUpPagesAndUtils()[pri:0, instance:tests.TestScripts@b2c9a9c]" started-at="2025-06-30T15:22:15 IST" name="setUpPagesAndUtils" finished-at="2025-06-30T15:22:15 IST" duration-ms="1" status="PASS">
          <reporter-output>
          </reporter-output>
        </test-method> <!-- setUpPagesAndUtils -->
        <test-method signature="validateName([Ljava.lang.String;)[pri:0, instance:tests.TestScripts@b2c9a9c]" started-at="2025-06-30T15:22:15 IST" name="validateName" data-provider="filereader" finished-at="2025-06-30T15:22:15 IST" duration-ms="412" status="PASS">
          <params>
            <param index="0">
              <value>
                <![CDATA[[Ljava.lang.String;@6453c078]]>
              </value>
            </param>
          </params>
          <reporter-output>
          </reporter-output>
        </test-method> <!-- validateName -->
        <test-method is-config="true" signature="setUpPagesAndUtils()[pri:0, instance:tests.TestScripts@b2c9a9c]" started-at="2025-06-30T15:22:15 IST" name="setUpPagesAndUtils" finished-at="2025-06-30T15:22:15 IST" duration-ms="2" status="PASS">
          <reporter-output>
          </reporter-output>
        </test-method> <!-- setUpPagesAndUtils -->
        <test-method signature="validateName([Ljava.lang.String;)[pri:0, instance:tests.TestScripts@b2c9a9c]" started-at="2025-06-30T15:22:15 IST" name="validateName" data-provider="filereader" finished-at="2025-06-30T15:22:16 IST" duration-ms="639" status="PASS">
          <params>
            <param index="0">
              <value>
                <![CDATA[[Ljava.lang.String;@4ff4f5e9]]>
              </value>
            </param>
          </params>
          <reporter-output>
          </reporter-output>
        </test-method> <!-- validateName -->
        <test-method is-config="true" signature="setUpPagesAndUtils()[pri:0, instance:tests.TestScripts@b2c9a9c]" started-at="2025-06-30T15:22:16 IST" name="setUpPagesAndUtils" finished-at="2025-06-30T15:22:16 IST" duration-ms="2" status="PASS">
          <reporter-output>
          </reporter-output>
        </test-method> <!-- setUpPagesAndUtils -->
        <test-method signature="validateName([Ljava.lang.String;)[pri:0, instance:tests.TestScripts@b2c9a9c]" started-at="2025-06-30T15:22:16 IST" name="validateName" data-provider="filereader" finished-at="2025-06-30T15:22:17 IST" duration-ms="741" status="PASS">
          <params>
            <param index="0">
              <value>
                <![CDATA[[Ljava.lang.String;@60f07d49]]>
              </value>
            </param>
          </params>
          <reporter-output>
          </reporter-output>
        </test-method> <!-- validateName -->
        <test-method is-config="true" signature="setUpPagesAndUtils()[pri:0, instance:tests.TestScripts@b2c9a9c]" started-at="2025-06-30T15:22:17 IST" name="setUpPagesAndUtils" finished-at="2025-06-30T15:22:17 IST" duration-ms="1" status="PASS">
          <reporter-output>
          </reporter-output>
        </test-method> <!-- setUpPagesAndUtils -->
        <test-method signature="validateName([Ljava.lang.String;)[pri:0, instance:tests.TestScripts@b2c9a9c]" started-at="2025-06-30T15:22:17 IST" name="validateName" data-provider="filereader" finished-at="2025-06-30T15:22:17 IST" duration-ms="471" status="PASS">
          <params>
            <param index="0">
              <value>
                <![CDATA[[Ljava.lang.String;@66c3282d]]>
              </value>
            </param>
          </params>
          <reporter-output>
          </reporter-output>
        </test-method> <!-- validateName -->
        <test-method is-config="true" signature="setUpPagesAndUtils()[pri:0, instance:tests.TestScripts@b2c9a9c]" started-at="2025-06-30T15:22:18 IST" name="setUpPagesAndUtils" finished-at="2025-06-30T15:22:18 IST" duration-ms="2" status="PASS">
          <reporter-output>
          </reporter-output>
        </test-method> <!-- setUpPagesAndUtils -->
        <test-method signature="validateAge([Ljava.lang.String;)[pri:1, instance:tests.TestScripts@b2c9a9c]" started-at="2025-06-30T15:22:18 IST" name="validateAge" data-provider="filereader" finished-at="2025-06-30T15:22:19 IST" duration-ms="1314" status="PASS">
          <params>
            <param index="0">
              <value>
                <![CDATA[[Ljava.lang.String;@7c9ac4d5]]>
              </value>
            </param>
          </params>
          <reporter-output>
          </reporter-output>
        </test-method> <!-- validateAge -->
        <test-method is-config="true" signature="setUpPagesAndUtils()[pri:0, instance:tests.TestScripts@b2c9a9c]" started-at="2025-06-30T15:22:19 IST" name="setUpPagesAndUtils" finished-at="2025-06-30T15:22:19 IST" duration-ms="1" status="PASS">
          <reporter-output>
          </reporter-output>
        </test-method> <!-- setUpPagesAndUtils -->
        <test-method signature="validateAge([Ljava.lang.String;)[pri:1, instance:tests.TestScripts@b2c9a9c]" started-at="2025-06-30T15:22:19 IST" name="validateAge" data-provider="filereader" finished-at="2025-06-30T15:22:20 IST" duration-ms="1498" status="PASS">
          <params>
            <param index="0">
              <value>
                <![CDATA[[Ljava.lang.String;@78f8f9df]]>
              </value>
            </param>
          </params>
          <reporter-output>
          </reporter-output>
        </test-method> <!-- validateAge -->
        <test-method signature="validateAge([Ljava.lang.String;)[pri:1, instance:tests.TestScripts@b2c9a9c]" started-at="2025-06-30T15:22:20 IST" name="validateAge" data-provider="filereader" finished-at="2025-06-30T15:22:22 IST" duration-ms="1133" status="PASS">
          <params>
            <param index="0">
              <value>
                <![CDATA[[Ljava.lang.String;@7895e748]]>
              </value>
            </param>
          </params>
          <reporter-output>
          </reporter-output>
        </test-method> <!-- validateAge -->
        <test-method is-config="true" signature="setUpPagesAndUtils()[pri:0, instance:tests.TestScripts@b2c9a9c]" started-at="2025-06-30T15:22:20 IST" name="setUpPagesAndUtils" finished-at="2025-06-30T15:22:20 IST" duration-ms="0" status="PASS">
          <reporter-output>
          </reporter-output>
        </test-method> <!-- setUpPagesAndUtils -->
        <test-method is-config="true" signature="setUpPagesAndUtils()[pri:0, instance:tests.TestScripts@b2c9a9c]" started-at="2025-06-30T15:22:22 IST" name="setUpPagesAndUtils" finished-at="2025-06-30T15:22:22 IST" duration-ms="4" status="PASS">
          <reporter-output>
          </reporter-output>
        </test-method> <!-- setUpPagesAndUtils -->
        <test-method signature="validateAge([Ljava.lang.String;)[pri:1, instance:tests.TestScripts@b2c9a9c]" started-at="2025-06-30T15:22:22 IST" name="validateAge" data-provider="filereader" finished-at="2025-06-30T15:22:23 IST" duration-ms="1067" status="PASS">
          <params>
            <param index="0">
              <value>
                <![CDATA[[Ljava.lang.String;@310568db]]>
              </value>
            </param>
          </params>
          <reporter-output>
          </reporter-output>
        </test-method> <!-- validateAge -->
        <test-method is-config="true" signature="setUpPagesAndUtils()[pri:0, instance:tests.TestScripts@b2c9a9c]" started-at="2025-06-30T15:22:23 IST" name="setUpPagesAndUtils" finished-at="2025-06-30T15:22:23 IST" duration-ms="2" status="PASS">
          <reporter-output>
          </reporter-output>
        </test-method> <!-- setUpPagesAndUtils -->
        <test-method signature="validateAge([Ljava.lang.String;)[pri:1, instance:tests.TestScripts@b2c9a9c]" started-at="2025-06-30T15:22:23 IST" name="validateAge" data-provider="filereader" finished-at="2025-06-30T15:22:24 IST" duration-ms="1055" status="PASS">
          <params>
            <param index="0">
              <value>
                <![CDATA[[Ljava.lang.String;@352280f4]]>
              </value>
            </param>
          </params>
          <reporter-output>
          </reporter-output>
        </test-method> <!-- validateAge -->
        <test-method is-config="true" signature="setUpPagesAndUtils()[pri:0, instance:tests.TestScripts@b2c9a9c]" started-at="2025-06-30T15:22:24 IST" name="setUpPagesAndUtils" finished-at="2025-06-30T15:22:24 IST" duration-ms="3" status="PASS">
          <reporter-output>
          </reporter-output>
        </test-method> <!-- setUpPagesAndUtils -->
        <test-method signature="validateAge([Ljava.lang.String;)[pri:1, instance:tests.TestScripts@b2c9a9c]" started-at="2025-06-30T15:22:24 IST" name="validateAge" data-provider="filereader" finished-at="2025-06-30T15:22:25 IST" duration-ms="1195" status="PASS">
          <params>
            <param index="0">
              <value>
                <![CDATA[[Ljava.lang.String;@5e1eae04]]>
              </value>
            </param>
          </params>
          <reporter-output>
          </reporter-output>
        </test-method> <!-- validateAge -->
        <test-method is-config="true" signature="setUpPagesAndUtils()[pri:0, instance:tests.TestScripts@b2c9a9c]" started-at="2025-06-30T15:22:25 IST" name="setUpPagesAndUtils" finished-at="2025-06-30T15:22:25 IST" duration-ms="3" status="PASS">
          <reporter-output>
          </reporter-output>
        </test-method> <!-- setUpPagesAndUtils -->
        <test-method signature="validateAge([Ljava.lang.String;)[pri:1, instance:tests.TestScripts@b2c9a9c]" started-at="2025-06-30T15:22:25 IST" name="validateAge" data-provider="filereader" finished-at="2025-06-30T15:22:26 IST" duration-ms="1200" status="FAIL">
          <params>
            <param index="0">
              <value>
                <![CDATA[[Ljava.lang.String;@298b64f7]]>
              </value>
            </param>
          </params>
          <exception class="java.lang.AssertionError">
            <message>
              <![CDATA[18.0 Age needs to fails but pass. expected [false] but found [true]]]>
            </message>
            <full-stacktrace>
              <![CDATA[java.lang.AssertionError: 18.0 Age needs to fails but pass. expected [false] but found [true]
at org.testng.Assert.fail(Assert.java:111)
at org.testng.Assert.failNotEquals(Assert.java:1590)
at org.testng.Assert.assertFalse(Assert.java:79)
at tests.TestScripts.validateAge(TestScripts.java:57)
at java.base/jdk.internal.reflect.DirectMethodHandleAccessor.invoke(DirectMethodHandleAccessor.java:103)
at java.base/java.lang.reflect.Method.invoke(Method.java:580)
at org.testng.internal.invokers.MethodInvocationHelper.invokeMethod(MethodInvocationHelper.java:141)
at org.testng.internal.invokers.TestInvoker.invokeMethod(TestInvoker.java:687)
at org.testng.internal.invokers.TestInvoker.invokeTestMethod(TestInvoker.java:230)
at org.testng.internal.invokers.MethodRunner.runInSequence(MethodRunner.java:63)
at org.testng.internal.invokers.TestInvoker$MethodInvocationAgent.invoke(TestInvoker.java:995)
at org.testng.internal.invokers.TestInvoker.invokeTestMethods(TestInvoker.java:203)
at org.testng.internal.invokers.TestMethodWorker.invokeTestMethods(TestMethodWorker.java:154)
at org.testng.internal.invokers.TestMethodWorker.run(TestMethodWorker.java:134)
at java.base/java.util.ArrayList.forEach(ArrayList.java:1596)
at org.testng.TestRunner.privateRun(TestRunner.java:741)
at org.testng.TestRunner.run(TestRunner.java:616)
at org.testng.SuiteRunner.runTest(SuiteRunner.java:421)
at org.testng.SuiteRunner.runSequentially(SuiteRunner.java:413)
at org.testng.SuiteRunner.privateRun(SuiteRunner.java:373)
at org.testng.SuiteRunner.run(SuiteRunner.java:312)
at org.testng.SuiteRunnerWorker.runSuite(SuiteRunnerWorker.java:52)
at org.testng.SuiteRunnerWorker.run(SuiteRunnerWorker.java:95)
at org.testng.TestNG.runSuitesSequentially(TestNG.java:1274)
at org.testng.TestNG.runSuitesLocally(TestNG.java:1208)
at org.testng.TestNG.runSuites(TestNG.java:1112)
at org.testng.TestNG.run(TestNG.java:1079)
at org.testng.remote.AbstractRemoteTestNG.run(AbstractRemoteTestNG.java:115)
at org.testng.remote.RemoteTestNG.initAndRun(RemoteTestNG.java:293)
at org.testng.remote.RemoteTestNG.main(RemoteTestNG.java:91)
]]>
            </full-stacktrace>
          </exception> <!-- java.lang.AssertionError -->
          <reporter-output>
          </reporter-output>
        </test-method> <!-- validateAge -->
        <test-method is-config="true" signature="setUpPagesAndUtils()[pri:0, instance:tests.TestScripts@b2c9a9c]" started-at="2025-06-30T15:22:27 IST" name="setUpPagesAndUtils" finished-at="2025-06-30T15:22:27 IST" duration-ms="5" status="PASS">
          <reporter-output>
          </reporter-output>
        </test-method> <!-- setUpPagesAndUtils -->
        <test-method signature="validatePulse([Ljava.lang.String;)[pri:2, instance:tests.TestScripts@b2c9a9c]" started-at="2025-06-30T15:22:27 IST" name="validatePulse" data-provider="filereader" finished-at="2025-06-30T15:22:28 IST" duration-ms="1938" status="PASS">
          <params>
            <param index="0">
              <value>
                <![CDATA[[Ljava.lang.String;@542adfce]]>
              </value>
            </param>
          </params>
          <reporter-output>
          </reporter-output>
        </test-method> <!-- validatePulse -->
        <test-method is-config="true" signature="setUpPagesAndUtils()[pri:0, instance:tests.TestScripts@b2c9a9c]" started-at="2025-06-30T15:22:28 IST" name="setUpPagesAndUtils" finished-at="2025-06-30T15:22:28 IST" duration-ms="2" status="PASS">
          <reporter-output>
          </reporter-output>
        </test-method> <!-- setUpPagesAndUtils -->
        <test-method signature="validatePulse([Ljava.lang.String;)[pri:2, instance:tests.TestScripts@b2c9a9c]" started-at="2025-06-30T15:22:28 IST" name="validatePulse" data-provider="filereader" finished-at="2025-06-30T15:22:30 IST" duration-ms="1568" status="PASS">
          <params>
            <param index="0">
              <value>
                <![CDATA[[Ljava.lang.String;@667d6614]]>
              </value>
            </param>
          </params>
          <reporter-output>
          </reporter-output>
        </test-method> <!-- validatePulse -->
        <test-method is-config="true" signature="setUpPagesAndUtils()[pri:0, instance:tests.TestScripts@b2c9a9c]" started-at="2025-06-30T15:22:30 IST" name="setUpPagesAndUtils" finished-at="2025-06-30T15:22:30 IST" duration-ms="4" status="PASS">
          <reporter-output>
          </reporter-output>
        </test-method> <!-- setUpPagesAndUtils -->
        <test-method signature="validatePulse([Ljava.lang.String;)[pri:2, instance:tests.TestScripts@b2c9a9c]" started-at="2025-06-30T15:22:30 IST" name="validatePulse" data-provider="filereader" finished-at="2025-06-30T15:22:32 IST" duration-ms="1803" status="PASS">
          <params>
            <param index="0">
              <value>
                <![CDATA[[Ljava.lang.String;@28493413]]>
              </value>
            </param>
          </params>
          <reporter-output>
          </reporter-output>
        </test-method> <!-- validatePulse -->
        <test-method is-config="true" signature="setUpPagesAndUtils()[pri:0, instance:tests.TestScripts@b2c9a9c]" started-at="2025-06-30T15:22:32 IST" name="setUpPagesAndUtils" finished-at="2025-06-30T15:22:32 IST" duration-ms="2" status="PASS">
          <reporter-output>
          </reporter-output>
        </test-method> <!-- setUpPagesAndUtils -->
        <test-method signature="validatePulse([Ljava.lang.String;)[pri:2, instance:tests.TestScripts@b2c9a9c]" started-at="2025-06-30T15:22:32 IST" name="validatePulse" data-provider="filereader" finished-at="2025-06-30T15:22:34 IST" duration-ms="2200" status="PASS">
          <params>
            <param index="0">
              <value>
                <![CDATA[[Ljava.lang.String;@3a347f0f]]>
              </value>
            </param>
          </params>
          <reporter-output>
          </reporter-output>
        </test-method> <!-- validatePulse -->
        <test-method is-config="true" signature="setUpPagesAndUtils()[pri:0, instance:tests.TestScripts@b2c9a9c]" started-at="2025-06-30T15:22:34 IST" name="setUpPagesAndUtils" finished-at="2025-06-30T15:22:34 IST" duration-ms="3" status="PASS">
          <reporter-output>
          </reporter-output>
        </test-method> <!-- setUpPagesAndUtils -->
        <test-method signature="validatePulse([Ljava.lang.String;)[pri:2, instance:tests.TestScripts@b2c9a9c]" started-at="2025-06-30T15:22:34 IST" name="validatePulse" data-provider="filereader" finished-at="2025-06-30T15:22:36 IST" duration-ms="2250" status="PASS">
          <params>
            <param index="0">
              <value>
                <![CDATA[[Ljava.lang.String;@52d6d220]]>
              </value>
            </param>
          </params>
          <reporter-output>
          </reporter-output>
        </test-method> <!-- validatePulse -->
        <test-method signature="validatePulse([Ljava.lang.String;)[pri:2, instance:tests.TestScripts@b2c9a9c]" started-at="2025-06-30T15:22:36 IST" name="validatePulse" data-provider="filereader" finished-at="2025-06-30T15:22:38 IST" duration-ms="1928" status="PASS">
          <params>
            <param index="0">
              <value>
                <![CDATA[[Ljava.lang.String;@3ec333dc]]>
              </value>
            </param>
          </params>
          <reporter-output>
          </reporter-output>
        </test-method> <!-- validatePulse -->
        <test-method is-config="true" signature="setUpPagesAndUtils()[pri:0, instance:tests.TestScripts@b2c9a9c]" started-at="2025-06-30T15:22:36 IST" name="setUpPagesAndUtils" finished-at="2025-06-30T15:22:36 IST" duration-ms="0" status="PASS">
          <reporter-output>
          </reporter-output>
        </test-method> <!-- setUpPagesAndUtils -->
        <test-method is-config="true" signature="setUpPagesAndUtils()[pri:0, instance:tests.TestScripts@b2c9a9c]" started-at="2025-06-30T15:22:38 IST" name="setUpPagesAndUtils" finished-at="2025-06-30T15:22:38 IST" duration-ms="1" status="PASS">
          <reporter-output>
          </reporter-output>
        </test-method> <!-- setUpPagesAndUtils -->
        <test-method signature="validatePulse([Ljava.lang.String;)[pri:2, instance:tests.TestScripts@b2c9a9c]" started-at="2025-06-30T15:22:38 IST" name="validatePulse" data-provider="filereader" finished-at="2025-06-30T15:22:40 IST" duration-ms="2065" status="PASS">
          <params>
            <param index="0">
              <value>
                <![CDATA[[Ljava.lang.String;@2f4f900d]]>
              </value>
            </param>
          </params>
          <reporter-output>
          </reporter-output>
        </test-method> <!-- validatePulse -->
        <test-method is-config="true" signature="setUpPagesAndUtils()[pri:0, instance:tests.TestScripts@b2c9a9c]" started-at="2025-06-30T15:22:40 IST" name="setUpPagesAndUtils" finished-at="2025-06-30T15:22:40 IST" duration-ms="2" status="PASS">
          <reporter-output>
          </reporter-output>
        </test-method> <!-- setUpPagesAndUtils -->
        <test-method signature="validateSystolic([Ljava.lang.String;)[pri:3, instance:tests.TestScripts@b2c9a9c]" started-at="2025-06-30T15:22:40 IST" name="validateSystolic" data-provider="filereader" finished-at="2025-06-30T15:22:43 IST" duration-ms="2224" status="PASS">
          <params>
            <param index="0">
              <value>
                <![CDATA[[Ljava.lang.String;@60172cc6]]>
              </value>
            </param>
          </params>
          <reporter-output>
          </reporter-output>
        </test-method> <!-- validateSystolic -->
        <test-method is-config="true" signature="setUpPagesAndUtils()[pri:0, instance:tests.TestScripts@b2c9a9c]" started-at="2025-06-30T15:22:43 IST" name="setUpPagesAndUtils" finished-at="2025-06-30T15:22:43 IST" duration-ms="1" status="PASS">
          <reporter-output>
          </reporter-output>
        </test-method> <!-- setUpPagesAndUtils -->
        <test-method signature="validateSystolic([Ljava.lang.String;)[pri:3, instance:tests.TestScripts@b2c9a9c]" started-at="2025-06-30T15:22:43 IST" name="validateSystolic" data-provider="filereader" finished-at="2025-06-30T15:22:45 IST" duration-ms="2098" status="PASS">
          <params>
            <param index="0">
              <value>
                <![CDATA[[Ljava.lang.String;@6676b867]]>
              </value>
            </param>
          </params>
          <reporter-output>
          </reporter-output>
        </test-method> <!-- validateSystolic -->
        <test-method is-config="true" signature="setUpPagesAndUtils()[pri:0, instance:tests.TestScripts@b2c9a9c]" started-at="2025-06-30T15:22:45 IST" name="setUpPagesAndUtils" finished-at="2025-06-30T15:22:45 IST" duration-ms="3" status="PASS">
          <reporter-output>
          </reporter-output>
        </test-method> <!-- setUpPagesAndUtils -->
        <test-method signature="validateSystolic([Ljava.lang.String;)[pri:3, instance:tests.TestScripts@b2c9a9c]" started-at="2025-06-30T15:22:45 IST" name="validateSystolic" data-provider="filereader" finished-at="2025-06-30T15:22:47 IST" duration-ms="2291" status="PASS">
          <params>
            <param index="0">
              <value>
                <![CDATA[[Ljava.lang.String;@37bf29cb]]>
              </value>
            </param>
          </params>
          <reporter-output>
          </reporter-output>
        </test-method> <!-- validateSystolic -->
        <test-method is-config="true" signature="setUpPagesAndUtils()[pri:0, instance:tests.TestScripts@b2c9a9c]" started-at="2025-06-30T15:22:47 IST" name="setUpPagesAndUtils" finished-at="2025-06-30T15:22:47 IST" duration-ms="1" status="PASS">
          <reporter-output>
          </reporter-output>
        </test-method> <!-- setUpPagesAndUtils -->
        <test-method signature="validateSystolic([Ljava.lang.String;)[pri:3, instance:tests.TestScripts@b2c9a9c]" started-at="2025-06-30T15:22:47 IST" name="validateSystolic" data-provider="filereader" finished-at="2025-06-30T15:22:49 IST" duration-ms="2348" status="PASS">
          <params>
            <param index="0">
              <value>
                <![CDATA[[Ljava.lang.String;@69a855cf]]>
              </value>
            </param>
          </params>
          <reporter-output>
          </reporter-output>
        </test-method> <!-- validateSystolic -->
        <test-method is-config="true" signature="setUpPagesAndUtils()[pri:0, instance:tests.TestScripts@b2c9a9c]" started-at="2025-06-30T15:22:49 IST" name="setUpPagesAndUtils" finished-at="2025-06-30T15:22:49 IST" duration-ms="1" status="PASS">
          <reporter-output>
          </reporter-output>
        </test-method> <!-- setUpPagesAndUtils -->
        <test-method signature="validateSystolic([Ljava.lang.String;)[pri:3, instance:tests.TestScripts@b2c9a9c]" started-at="2025-06-30T15:22:49 IST" name="validateSystolic" data-provider="filereader" finished-at="2025-06-30T15:22:52 IST" duration-ms="2209" status="PASS">
          <params>
            <param index="0">
              <value>
                <![CDATA[[Ljava.lang.String;@3d678abb]]>
              </value>
            </param>
          </params>
          <reporter-output>
          </reporter-output>
        </test-method> <!-- validateSystolic -->
        <test-method is-config="true" signature="setUpPagesAndUtils()[pri:0, instance:tests.TestScripts@b2c9a9c]" started-at="2025-06-30T15:22:52 IST" name="setUpPagesAndUtils" finished-at="2025-06-30T15:22:52 IST" duration-ms="2" status="PASS">
          <reporter-output>
          </reporter-output>
        </test-method> <!-- setUpPagesAndUtils -->
        <test-method signature="validateSystolic([Ljava.lang.String;)[pri:3, instance:tests.TestScripts@b2c9a9c]" started-at="2025-06-30T15:22:52 IST" name="validateSystolic" data-provider="filereader" finished-at="2025-06-30T15:22:53 IST" duration-ms="1027" status="FAIL">
          <params>
            <param index="0">
              <value>
                <![CDATA[[Ljava.lang.String;@11069eac]]>
              </value>
            </param>
          </params>
          <exception class="java.lang.AssertionError">
            <message>
              <![CDATA[130 SystolicBP needs to pass but fails. expected [true] but found [false]]]>
            </message>
            <full-stacktrace>
              <![CDATA[java.lang.AssertionError: 130 SystolicBP needs to pass but fails. expected [true] but found [false]
at org.testng.Assert.fail(Assert.java:111)
at org.testng.Assert.failNotEquals(Assert.java:1590)
at org.testng.Assert.assertTrue(Assert.java:57)
at tests.TestScripts.validateSystolic(TestScripts.java:69)
at java.base/jdk.internal.reflect.DirectMethodHandleAccessor.invoke(DirectMethodHandleAccessor.java:103)
at java.base/java.lang.reflect.Method.invoke(Method.java:580)
at org.testng.internal.invokers.MethodInvocationHelper.invokeMethod(MethodInvocationHelper.java:141)
at org.testng.internal.invokers.TestInvoker.invokeMethod(TestInvoker.java:687)
at org.testng.internal.invokers.TestInvoker.invokeTestMethod(TestInvoker.java:230)
at org.testng.internal.invokers.MethodRunner.runInSequence(MethodRunner.java:63)
at org.testng.internal.invokers.TestInvoker$MethodInvocationAgent.invoke(TestInvoker.java:995)
at org.testng.internal.invokers.TestInvoker.invokeTestMethods(TestInvoker.java:203)
at org.testng.internal.invokers.TestMethodWorker.invokeTestMethods(TestMethodWorker.java:154)
at org.testng.internal.invokers.TestMethodWorker.run(TestMethodWorker.java:134)
at java.base/java.util.ArrayList.forEach(ArrayList.java:1596)
at org.testng.TestRunner.privateRun(TestRunner.java:741)
at org.testng.TestRunner.run(TestRunner.java:616)
at org.testng.SuiteRunner.runTest(SuiteRunner.java:421)
at org.testng.SuiteRunner.runSequentially(SuiteRunner.java:413)
at org.testng.SuiteRunner.privateRun(SuiteRunner.java:373)
at org.testng.SuiteRunner.run(SuiteRunner.java:312)
at org.testng.SuiteRunnerWorker.runSuite(SuiteRunnerWorker.java:52)
at org.testng.SuiteRunnerWorker.run(SuiteRunnerWorker.java:95)
at org.testng.TestNG.runSuitesSequentially(TestNG.java:1274)
at org.testng.TestNG.runSuitesLocally(TestNG.java:1208)
at org.testng.TestNG.runSuites(TestNG.java:1112)
at org.testng.TestNG.run(TestNG.java:1079)
at org.testng.remote.AbstractRemoteTestNG.run(AbstractRemoteTestNG.java:115)
at org.testng.remote.RemoteTestNG.initAndRun(RemoteTestNG.java:293)
at org.testng.remote.RemoteTestNG.main(RemoteTestNG.java:91)
]]>
            </full-stacktrace>
          </exception> <!-- java.lang.AssertionError -->
          <reporter-output>
          </reporter-output>
        </test-method> <!-- validateSystolic -->
        <test-method is-config="true" signature="setUpPagesAndUtils()[pri:0, instance:tests.TestScripts@b2c9a9c]" started-at="2025-06-30T15:22:53 IST" name="setUpPagesAndUtils" finished-at="2025-06-30T15:22:53 IST" duration-ms="1" status="PASS">
          <reporter-output>
          </reporter-output>
        </test-method> <!-- setUpPagesAndUtils -->
        <test-method signature="validateSystolic([Ljava.lang.String;)[pri:3, instance:tests.TestScripts@b2c9a9c]" started-at="2025-06-30T15:22:53 IST" name="validateSystolic" data-provider="filereader" finished-at="2025-06-30T15:22:54 IST" duration-ms="1106" status="FAIL">
          <params>
            <param index="0">
              <value>
                <![CDATA[[Ljava.lang.String;@608eb42e]]>
              </value>
            </param>
          </params>
          <exception class="java.lang.AssertionError">
            <message>
              <![CDATA[131 SystolicBP needs to pass but fails. expected [true] but found [false]]]>
            </message>
            <full-stacktrace>
              <![CDATA[java.lang.AssertionError: 131 SystolicBP needs to pass but fails. expected [true] but found [false]
at org.testng.Assert.fail(Assert.java:111)
at org.testng.Assert.failNotEquals(Assert.java:1590)
at org.testng.Assert.assertTrue(Assert.java:57)
at tests.TestScripts.validateSystolic(TestScripts.java:69)
at java.base/jdk.internal.reflect.DirectMethodHandleAccessor.invoke(DirectMethodHandleAccessor.java:103)
at java.base/java.lang.reflect.Method.invoke(Method.java:580)
at org.testng.internal.invokers.MethodInvocationHelper.invokeMethod(MethodInvocationHelper.java:141)
at org.testng.internal.invokers.TestInvoker.invokeMethod(TestInvoker.java:687)
at org.testng.internal.invokers.TestInvoker.invokeTestMethod(TestInvoker.java:230)
at org.testng.internal.invokers.MethodRunner.runInSequence(MethodRunner.java:63)
at org.testng.internal.invokers.TestInvoker$MethodInvocationAgent.invoke(TestInvoker.java:995)
at org.testng.internal.invokers.TestInvoker.invokeTestMethods(TestInvoker.java:203)
at org.testng.internal.invokers.TestMethodWorker.invokeTestMethods(TestMethodWorker.java:154)
at org.testng.internal.invokers.TestMethodWorker.run(TestMethodWorker.java:134)
at java.base/java.util.ArrayList.forEach(ArrayList.java:1596)
at org.testng.TestRunner.privateRun(TestRunner.java:741)
at org.testng.TestRunner.run(TestRunner.java:616)
at org.testng.SuiteRunner.runTest(SuiteRunner.java:421)
at org.testng.SuiteRunner.runSequentially(SuiteRunner.java:413)
at org.testng.SuiteRunner.privateRun(SuiteRunner.java:373)
at org.testng.SuiteRunner.run(SuiteRunner.java:312)
at org.testng.SuiteRunnerWorker.runSuite(SuiteRunnerWorker.java:52)
at org.testng.SuiteRunnerWorker.run(SuiteRunnerWorker.java:95)
at org.testng.TestNG.runSuitesSequentially(TestNG.java:1274)
at org.testng.TestNG.runSuitesLocally(TestNG.java:1208)
at org.testng.TestNG.runSuites(TestNG.java:1112)
at org.testng.TestNG.run(TestNG.java:1079)
at org.testng.remote.AbstractRemoteTestNG.run(AbstractRemoteTestNG.java:115)
at org.testng.remote.RemoteTestNG.initAndRun(RemoteTestNG.java:293)
at org.testng.remote.RemoteTestNG.main(RemoteTestNG.java:91)
]]>
            </full-stacktrace>
          </exception> <!-- java.lang.AssertionError -->
          <reporter-output>
          </reporter-output>
        </test-method> <!-- validateSystolic -->
        <test-method is-config="true" signature="setUpPagesAndUtils()[pri:0, instance:tests.TestScripts@b2c9a9c]" started-at="2025-06-30T15:22:54 IST" name="setUpPagesAndUtils" finished-at="2025-06-30T15:22:54 IST" duration-ms="1" status="PASS">
          <reporter-output>
          </reporter-output>
        </test-method> <!-- setUpPagesAndUtils -->
        <test-method signature="validateDiastolic([Ljava.lang.String;)[pri:4, instance:tests.TestScripts@b2c9a9c]" started-at="2025-06-30T15:22:54 IST" name="validateDiastolic" data-provider="filereader" finished-at="2025-06-30T15:22:57 IST" duration-ms="2610" status="PASS">
          <params>
            <param index="0">
              <value>
                <![CDATA[[Ljava.lang.String;@2bd76561]]>
              </value>
            </param>
          </params>
          <reporter-output>
          </reporter-output>
        </test-method> <!-- validateDiastolic -->
        <test-method is-config="true" signature="setUpPagesAndUtils()[pri:0, instance:tests.TestScripts@b2c9a9c]" started-at="2025-06-30T15:22:57 IST" name="setUpPagesAndUtils" finished-at="2025-06-30T15:22:57 IST" duration-ms="1" status="PASS">
          <reporter-output>
          </reporter-output>
        </test-method> <!-- setUpPagesAndUtils -->
        <test-method signature="validateDiastolic([Ljava.lang.String;)[pri:4, instance:tests.TestScripts@b2c9a9c]" started-at="2025-06-30T15:22:57 IST" name="validateDiastolic" data-provider="filereader" finished-at="2025-06-30T15:23:00 IST" duration-ms="2771" status="PASS">
          <params>
            <param index="0">
              <value>
                <![CDATA[[Ljava.lang.String;@287c8757]]>
              </value>
            </param>
          </params>
          <reporter-output>
          </reporter-output>
        </test-method> <!-- validateDiastolic -->
        <test-method is-config="true" signature="setUpPagesAndUtils()[pri:0, instance:tests.TestScripts@b2c9a9c]" started-at="2025-06-30T15:23:00 IST" name="setUpPagesAndUtils" finished-at="2025-06-30T15:23:00 IST" duration-ms="1" status="PASS">
          <reporter-output>
          </reporter-output>
        </test-method> <!-- setUpPagesAndUtils -->
        <test-method signature="validateDiastolic([Ljava.lang.String;)[pri:4, instance:tests.TestScripts@b2c9a9c]" started-at="2025-06-30T15:23:00 IST" name="validateDiastolic" data-provider="filereader" finished-at="2025-06-30T15:23:02 IST" duration-ms="2791" status="PASS">
          <params>
            <param index="0">
              <value>
                <![CDATA[[Ljava.lang.String;@760adf7f]]>
              </value>
            </param>
          </params>
          <reporter-output>
          </reporter-output>
        </test-method> <!-- validateDiastolic -->
        <test-method is-config="true" signature="setUpPagesAndUtils()[pri:0, instance:tests.TestScripts@b2c9a9c]" started-at="2025-06-30T15:23:02 IST" name="setUpPagesAndUtils" finished-at="2025-06-30T15:23:02 IST" duration-ms="1" status="PASS">
          <reporter-output>
          </reporter-output>
        </test-method> <!-- setUpPagesAndUtils -->
        <test-method signature="validateDiastolic([Ljava.lang.String;)[pri:4, instance:tests.TestScripts@b2c9a9c]" started-at="2025-06-30T15:23:02 IST" name="validateDiastolic" data-provider="filereader" finished-at="2025-06-30T15:23:05 IST" duration-ms="2503" status="PASS">
          <params>
            <param index="0">
              <value>
                <![CDATA[[Ljava.lang.String;@50325789]]>
              </value>
            </param>
          </params>
          <reporter-output>
          </reporter-output>
        </test-method> <!-- validateDiastolic -->
        <test-method is-config="true" signature="setUpPagesAndUtils()[pri:0, instance:tests.TestScripts@b2c9a9c]" started-at="2025-06-30T15:23:05 IST" name="setUpPagesAndUtils" finished-at="2025-06-30T15:23:05 IST" duration-ms="2" status="PASS">
          <reporter-output>
          </reporter-output>
        </test-method> <!-- setUpPagesAndUtils -->
        <test-method signature="validateDiastolic([Ljava.lang.String;)[pri:4, instance:tests.TestScripts@b2c9a9c]" started-at="2025-06-30T15:23:05 IST" name="validateDiastolic" data-provider="filereader" finished-at="2025-06-30T15:23:07 IST" duration-ms="2406" status="FAIL">
          <params>
            <param index="0">
              <value>
                <![CDATA[[Ljava.lang.String;@796e2187]]>
              </value>
            </param>
          </params>
          <exception class="org.openqa.selenium.UnhandledAlertException">
            <message>
              <![CDATA[unexpected alert open: {Alert text : Provided BP values are not valid. Please Check Once Again}
  (Session info: chrome=137.0.7151.69): Provided BP values are not valid. Please Check Once Again
Build info: version: '4.32.0', revision: 'd17c8aa950'
System info: os.name: 'Windows 11', os.arch: 'amd64', os.version: '10.0', java.version: '21.0.5'
Driver info: org.openqa.selenium.chrome.ChromeDriver
Command: [6cf17ac8c2cc5eceabd4244c2e5059c9, findElement {using=id, value=bp-diastolic}]
Capabilities {acceptInsecureCerts: false, browserName: chrome, browserVersion: 137.0.7151.69, chrome: {chromedriverVersion: 137.0.7151.119 (e0ac9d12dff..., userDataDir: C:\Users\2401014\AppData\Lo...}, fedcm:accounts: true, goog:chromeOptions: {debuggerAddress: localhost:60835}, networkConnectionEnabled: false, pageLoadStrategy: normal, platformName: windows, proxy: Proxy(), se:cdp: ws://localhost:60835/devtoo..., se:cdpVersion: 137.0.7151.69, setWindowRect: true, strictFileInteractability: false, timeouts: {implicit: 0, pageLoad: 300000, script: 30000}, unhandledPromptBehavior: dismiss and notify, webauthn:extension:credBlob: true, webauthn:extension:largeBlob: true, webauthn:extension:minPinLength: true, webauthn:extension:prf: true, webauthn:virtualAuthenticators: true}
Session ID: 6cf17ac8c2cc5eceabd4244c2e5059c9]]>
            </message>
            <full-stacktrace>
              <![CDATA[org.openqa.selenium.UnhandledAlertException: unexpected alert open: {Alert text : Provided BP values are not valid. Please Check Once Again}
  (Session info: chrome=137.0.7151.69): Provided BP values are not valid. Please Check Once Again
Build info: version: '4.32.0', revision: 'd17c8aa950'
System info: os.name: 'Windows 11', os.arch: 'amd64', os.version: '10.0', java.version: '21.0.5'
Driver info: org.openqa.selenium.chrome.ChromeDriver
Command: [6cf17ac8c2cc5eceabd4244c2e5059c9, findElement {using=id, value=bp-diastolic}]
Capabilities {acceptInsecureCerts: false, browserName: chrome, browserVersion: 137.0.7151.69, chrome: {chromedriverVersion: 137.0.7151.119 (e0ac9d12dff..., userDataDir: C:\Users\2401014\AppData\Lo...}, fedcm:accounts: true, goog:chromeOptions: {debuggerAddress: localhost:60835}, networkConnectionEnabled: false, pageLoadStrategy: normal, platformName: windows, proxy: Proxy(), se:cdp: ws://localhost:60835/devtoo..., se:cdpVersion: 137.0.7151.69, setWindowRect: true, strictFileInteractability: false, timeouts: {implicit: 0, pageLoad: 300000, script: 30000}, unhandledPromptBehavior: dismiss and notify, webauthn:extension:credBlob: true, webauthn:extension:largeBlob: true, webauthn:extension:minPinLength: true, webauthn:extension:prf: true, webauthn:virtualAuthenticators: true}
Session ID: 6cf17ac8c2cc5eceabd4244c2e5059c9
at org.openqa.selenium.remote.codec.w3c.W3CHttpResponseCodec.decode(W3CHttpResponseCodec.java:136)
at org.openqa.selenium.remote.codec.w3c.W3CHttpResponseCodec.decode(W3CHttpResponseCodec.java:50)
at org.openqa.selenium.remote.HttpCommandExecutor.execute(HttpCommandExecutor.java:215)
at org.openqa.selenium.remote.service.DriverCommandExecutor.invokeExecute(DriverCommandExecutor.java:216)
at org.openqa.selenium.remote.service.DriverCommandExecutor.execute(DriverCommandExecutor.java:174)
at org.openqa.selenium.remote.RemoteWebDriver.execute(RemoteWebDriver.java:545)
at org.openqa.selenium.remote.ElementLocation$ElementFinder$2.findElement(ElementLocation.java:165)
at org.openqa.selenium.remote.ElementLocation.findElement(ElementLocation.java:59)
at org.openqa.selenium.remote.RemoteWebDriver.findElement(RemoteWebDriver.java:368)
at org.openqa.selenium.remote.RemoteWebDriver.findElement(RemoteWebDriver.java:362)
at org.openqa.selenium.support.pagefactory.DefaultElementLocator.findElement(DefaultElementLocator.java:68)
at org.openqa.selenium.support.pagefactory.internal.LocatingElementHandler.invoke(LocatingElementHandler.java:38)
at jdk.proxy2/jdk.proxy2.$Proxy20.getWrappedElement(Unknown Source)
at org.openqa.selenium.remote.WebElementToJsonConverter.apply(WebElementToJsonConverter.java:48)
at java.base/java.util.stream.ReferencePipeline$3$1.accept(ReferencePipeline.java:197)
at java.base/java.util.Spliterators$ArraySpliterator.forEachRemaining(Spliterators.java:1024)
at java.base/java.util.stream.AbstractPipeline.copyInto(AbstractPipeline.java:509)
at java.base/java.util.stream.AbstractPipeline.wrapAndCopyInto(AbstractPipeline.java:499)
at java.base/java.util.stream.ReduceOps$ReduceOp.evaluateSequential(ReduceOps.java:921)
at java.base/java.util.stream.AbstractPipeline.evaluate(AbstractPipeline.java:234)
at java.base/java.util.stream.ReferencePipeline.collect(ReferencePipeline.java:682)
at org.openqa.selenium.remote.RemoteWebDriver.executeScript(RemoteWebDriver.java:474)
at pages.HomePage.verify(HomePage.java:73)
at pages.HomePage.diastolicBP(HomePage.java:144)
at tests.TestScripts.validateDiastolic(TestScripts.java:77)
at java.base/jdk.internal.reflect.DirectMethodHandleAccessor.invoke(DirectMethodHandleAccessor.java:103)
at java.base/java.lang.reflect.Method.invoke(Method.java:580)
at org.testng.internal.invokers.MethodInvocationHelper.invokeMethod(MethodInvocationHelper.java:141)
at org.testng.internal.invokers.TestInvoker.invokeMethod(TestInvoker.java:687)
at org.testng.internal.invokers.TestInvoker.invokeTestMethod(TestInvoker.java:230)
at org.testng.internal.invokers.MethodRunner.runInSequence(MethodRunner.java:63)
at org.testng.internal.invokers.TestInvoker$MethodInvocationAgent.invoke(TestInvoker.java:995)
at org.testng.internal.invokers.TestInvoker.invokeTestMethods(TestInvoker.java:203)
at org.testng.internal.invokers.TestMethodWorker.invokeTestMethods(TestMethodWorker.java:154)
at org.testng.internal.invokers.TestMethodWorker.run(TestMethodWorker.java:134)
at java.base/java.util.ArrayList.forEach(ArrayList.java:1596)
at org.testng.TestRunner.privateRun(TestRunner.java:741)
at org.testng.TestRunner.run(TestRunner.java:616)
at org.testng.SuiteRunner.runTest(SuiteRunner.java:421)
at org.testng.SuiteRunner.runSequentially(SuiteRunner.java:413)
at org.testng.SuiteRunner.privateRun(SuiteRunner.java:373)
at org.testng.SuiteRunner.run(SuiteRunner.java:312)
at org.testng.SuiteRunnerWorker.runSuite(SuiteRunnerWorker.java:52)
at org.testng.SuiteRunnerWorker.run(SuiteRunnerWorker.java:95)
at org.testng.TestNG.runSuitesSequentially(TestNG.java:1274)
at org.testng.TestNG.runSuitesLocally(TestNG.java:1208)
at org.testng.TestNG.runSuites(TestNG.java:1112)
at org.testng.TestNG.run(TestNG.java:1079)
at org.testng.remote.AbstractRemoteTestNG.run(AbstractRemoteTestNG.java:115)
at org.testng.remote.RemoteTestNG.initAndRun(RemoteTestNG.java:293)
at org.testng.remote.RemoteTestNG.main(RemoteTestNG.java:91)
]]>
            </full-stacktrace>
          </exception> <!-- org.openqa.selenium.UnhandledAlertException -->
          <reporter-output>
          </reporter-output>
        </test-method> <!-- validateDiastolic -->
        <test-method is-config="true" signature="setUpPagesAndUtils()[pri:0, instance:tests.TestScripts@b2c9a9c]" started-at="2025-06-30T15:23:08 IST" name="setUpPagesAndUtils" finished-at="2025-06-30T15:23:08 IST" duration-ms="1" status="PASS">
          <reporter-output>
          </reporter-output>
        </test-method> <!-- setUpPagesAndUtils -->
        <test-method signature="validateDiastolic([Ljava.lang.String;)[pri:4, instance:tests.TestScripts@b2c9a9c]" started-at="2025-06-30T15:23:08 IST" name="validateDiastolic" data-provider="filereader" finished-at="2025-06-30T15:23:10 IST" duration-ms="2585" status="FAIL">
          <params>
            <param index="0">
              <value>
                <![CDATA[[Ljava.lang.String;@7e84af34]]>
              </value>
            </param>
          </params>
          <exception class="java.lang.AssertionError">
            <message>
              <![CDATA[101 DiastolicBP needs to fails but pass. expected [false] but found [true]]]>
            </message>
            <full-stacktrace>
              <![CDATA[java.lang.AssertionError: 101 DiastolicBP needs to fails but pass. expected [false] but found [true]
at org.testng.Assert.fail(Assert.java:111)
at org.testng.Assert.failNotEquals(Assert.java:1590)
at org.testng.Assert.assertFalse(Assert.java:79)
at tests.TestScripts.validateDiastolic(TestScripts.java:77)
at java.base/jdk.internal.reflect.DirectMethodHandleAccessor.invoke(DirectMethodHandleAccessor.java:103)
at java.base/java.lang.reflect.Method.invoke(Method.java:580)
at org.testng.internal.invokers.MethodInvocationHelper.invokeMethod(MethodInvocationHelper.java:141)
at org.testng.internal.invokers.TestInvoker.invokeMethod(TestInvoker.java:687)
at org.testng.internal.invokers.TestInvoker.invokeTestMethod(TestInvoker.java:230)
at org.testng.internal.invokers.MethodRunner.runInSequence(MethodRunner.java:63)
at org.testng.internal.invokers.TestInvoker$MethodInvocationAgent.invoke(TestInvoker.java:995)
at org.testng.internal.invokers.TestInvoker.invokeTestMethods(TestInvoker.java:203)
at org.testng.internal.invokers.TestMethodWorker.invokeTestMethods(TestMethodWorker.java:154)
at org.testng.internal.invokers.TestMethodWorker.run(TestMethodWorker.java:134)
at java.base/java.util.ArrayList.forEach(ArrayList.java:1596)
at org.testng.TestRunner.privateRun(TestRunner.java:741)
at org.testng.TestRunner.run(TestRunner.java:616)
at org.testng.SuiteRunner.runTest(SuiteRunner.java:421)
at org.testng.SuiteRunner.runSequentially(SuiteRunner.java:413)
at org.testng.SuiteRunner.privateRun(SuiteRunner.java:373)
at org.testng.SuiteRunner.run(SuiteRunner.java:312)
at org.testng.SuiteRunnerWorker.runSuite(SuiteRunnerWorker.java:52)
at org.testng.SuiteRunnerWorker.run(SuiteRunnerWorker.java:95)
at org.testng.TestNG.runSuitesSequentially(TestNG.java:1274)
at org.testng.TestNG.runSuitesLocally(TestNG.java:1208)
at org.testng.TestNG.runSuites(TestNG.java:1112)
at org.testng.TestNG.run(TestNG.java:1079)
at org.testng.remote.AbstractRemoteTestNG.run(AbstractRemoteTestNG.java:115)
at org.testng.remote.RemoteTestNG.initAndRun(RemoteTestNG.java:293)
at org.testng.remote.RemoteTestNG.main(RemoteTestNG.java:91)
]]>
            </full-stacktrace>
          </exception> <!-- java.lang.AssertionError -->
          <reporter-output>
          </reporter-output>
        </test-method> <!-- validateDiastolic -->
        <test-method signature="validateDiastolic([Ljava.lang.String;)[pri:4, instance:tests.TestScripts@b2c9a9c]" started-at="2025-06-30T15:23:10 IST" name="validateDiastolic" data-provider="filereader" finished-at="2025-06-30T15:23:12 IST" duration-ms="2156" status="FAIL">
          <params>
            <param index="0">
              <value>
                <![CDATA[[Ljava.lang.String;@7674f9d4]]>
              </value>
            </param>
          </params>
          <exception class="java.lang.AssertionError">
            <message>
              <![CDATA[150 DiastolicBP needs to fails but pass. expected [false] but found [true]]]>
            </message>
            <full-stacktrace>
              <![CDATA[java.lang.AssertionError: 150 DiastolicBP needs to fails but pass. expected [false] but found [true]
at org.testng.Assert.fail(Assert.java:111)
at org.testng.Assert.failNotEquals(Assert.java:1590)
at org.testng.Assert.assertFalse(Assert.java:79)
at tests.TestScripts.validateDiastolic(TestScripts.java:77)
at java.base/jdk.internal.reflect.DirectMethodHandleAccessor.invoke(DirectMethodHandleAccessor.java:103)
at java.base/java.lang.reflect.Method.invoke(Method.java:580)
at org.testng.internal.invokers.MethodInvocationHelper.invokeMethod(MethodInvocationHelper.java:141)
at org.testng.internal.invokers.TestInvoker.invokeMethod(TestInvoker.java:687)
at org.testng.internal.invokers.TestInvoker.invokeTestMethod(TestInvoker.java:230)
at org.testng.internal.invokers.MethodRunner.runInSequence(MethodRunner.java:63)
at org.testng.internal.invokers.TestInvoker$MethodInvocationAgent.invoke(TestInvoker.java:995)
at org.testng.internal.invokers.TestInvoker.invokeTestMethods(TestInvoker.java:203)
at org.testng.internal.invokers.TestMethodWorker.invokeTestMethods(TestMethodWorker.java:154)
at org.testng.internal.invokers.TestMethodWorker.run(TestMethodWorker.java:134)
at java.base/java.util.ArrayList.forEach(ArrayList.java:1596)
at org.testng.TestRunner.privateRun(TestRunner.java:741)
at org.testng.TestRunner.run(TestRunner.java:616)
at org.testng.SuiteRunner.runTest(SuiteRunner.java:421)
at org.testng.SuiteRunner.runSequentially(SuiteRunner.java:413)
at org.testng.SuiteRunner.privateRun(SuiteRunner.java:373)
at org.testng.SuiteRunner.run(SuiteRunner.java:312)
at org.testng.SuiteRunnerWorker.runSuite(SuiteRunnerWorker.java:52)
at org.testng.SuiteRunnerWorker.run(SuiteRunnerWorker.java:95)
at org.testng.TestNG.runSuitesSequentially(TestNG.java:1274)
at org.testng.TestNG.runSuitesLocally(TestNG.java:1208)
at org.testng.TestNG.runSuites(TestNG.java:1112)
at org.testng.TestNG.run(TestNG.java:1079)
at org.testng.remote.AbstractRemoteTestNG.run(AbstractRemoteTestNG.java:115)
at org.testng.remote.RemoteTestNG.initAndRun(RemoteTestNG.java:293)
at org.testng.remote.RemoteTestNG.main(RemoteTestNG.java:91)
]]>
            </full-stacktrace>
          </exception> <!-- java.lang.AssertionError -->
          <reporter-output>
          </reporter-output>
        </test-method> <!-- validateDiastolic -->
        <test-method is-config="true" signature="setUpPagesAndUtils()[pri:0, instance:tests.TestScripts@b2c9a9c]" started-at="2025-06-30T15:23:10 IST" name="setUpPagesAndUtils" finished-at="2025-06-30T15:23:10 IST" duration-ms="0" status="PASS">
          <reporter-output>
          </reporter-output>
        </test-method> <!-- setUpPagesAndUtils -->
        <test-method is-config="true" signature="setUpPagesAndUtils()[pri:0, instance:tests.TestScripts@b2c9a9c]" started-at="2025-06-30T15:23:13 IST" name="setUpPagesAndUtils" finished-at="2025-06-30T15:23:13 IST" duration-ms="1" status="PASS">
          <reporter-output>
          </reporter-output>
        </test-method> <!-- setUpPagesAndUtils -->
        <test-method signature="validateCalculate()[pri:5, instance:tests.TestScripts@b2c9a9c]" started-at="2025-06-30T15:23:13 IST" name="validateCalculate" finished-at="2025-06-30T15:23:13 IST" duration-ms="720" status="PASS">
          <reporter-output>
          </reporter-output>
        </test-method> <!-- validateCalculate -->
        <test-method is-config="true" signature="setUpPagesAndUtils()[pri:0, instance:tests.TestScripts@b2c9a9c]" started-at="2025-06-30T15:23:14 IST" name="setUpPagesAndUtils" finished-at="2025-06-30T15:23:14 IST" duration-ms="2" status="PASS">
          <reporter-output>
          </reporter-output>
        </test-method> <!-- setUpPagesAndUtils -->
        <test-method signature="validateScoresGenerated([Ljava.lang.String;)[pri:6, instance:tests.TestScripts@b2c9a9c]" started-at="2025-06-30T15:23:14 IST" name="validateScoresGenerated" data-provider="filereaderScore" finished-at="2025-06-30T15:23:15 IST" duration-ms="1637" status="PASS">
          <params>
            <param index="0">
              <value>
                <![CDATA[[Ljava.lang.String;@675d00e2]]>
              </value>
            </param>
          </params>
          <reporter-output>
          </reporter-output>
        </test-method> <!-- validateScoresGenerated -->
        <test-method is-config="true" signature="setUpPagesAndUtils()[pri:0, instance:tests.TestScripts@b2c9a9c]" started-at="2025-06-30T15:23:15 IST" name="setUpPagesAndUtils" finished-at="2025-06-30T15:23:15 IST" duration-ms="1" status="PASS">
          <reporter-output>
          </reporter-output>
        </test-method> <!-- setUpPagesAndUtils -->
        <test-method signature="validateScoresGenerated([Ljava.lang.String;)[pri:6, instance:tests.TestScripts@b2c9a9c]" started-at="2025-06-30T15:23:15 IST" name="validateScoresGenerated" data-provider="filereaderScore" finished-at="2025-06-30T15:23:16 IST" duration-ms="1309" status="PASS">
          <params>
            <param index="0">
              <value>
                <![CDATA[[Ljava.lang.String;@516b3390]]>
              </value>
            </param>
          </params>
          <reporter-output>
          </reporter-output>
        </test-method> <!-- validateScoresGenerated -->
        <test-method signature="validateScoresGenerated([Ljava.lang.String;)[pri:6, instance:tests.TestScripts@b2c9a9c]" started-at="2025-06-30T15:23:16 IST" name="validateScoresGenerated" data-provider="filereaderScore" finished-at="2025-06-30T15:23:18 IST" duration-ms="1775" status="PASS">
          <params>
            <param index="0">
              <value>
                <![CDATA[[Ljava.lang.String;@26beb02f]]>
              </value>
            </param>
          </params>
          <reporter-output>
          </reporter-output>
        </test-method> <!-- validateScoresGenerated -->
        <test-method is-config="true" signature="setUpPagesAndUtils()[pri:0, instance:tests.TestScripts@b2c9a9c]" started-at="2025-06-30T15:23:16 IST" name="setUpPagesAndUtils" finished-at="2025-06-30T15:23:16 IST" duration-ms="0" status="PASS">
          <reporter-output>
          </reporter-output>
        </test-method> <!-- setUpPagesAndUtils -->
        <test-method is-config="true" signature="setUpPagesAndUtils()[pri:0, instance:tests.TestScripts@b2c9a9c]" started-at="2025-06-30T15:23:18 IST" name="setUpPagesAndUtils" finished-at="2025-06-30T15:23:18 IST" duration-ms="1" status="PASS">
          <reporter-output>
          </reporter-output>
        </test-method> <!-- setUpPagesAndUtils -->
        <test-method signature="validateScoresGenerated([Ljava.lang.String;)[pri:6, instance:tests.TestScripts@b2c9a9c]" started-at="2025-06-30T15:23:18 IST" name="validateScoresGenerated" data-provider="filereaderScore" finished-at="2025-06-30T15:23:20 IST" duration-ms="1768" status="PASS">
          <params>
            <param index="0">
              <value>
                <![CDATA[[Ljava.lang.String;@4701ae87]]>
              </value>
            </param>
          </params>
          <reporter-output>
          </reporter-output>
        </test-method> <!-- validateScoresGenerated -->
        <test-method is-config="true" signature="setUpPagesAndUtils()[pri:0, instance:tests.TestScripts@b2c9a9c]" started-at="2025-06-30T15:23:20 IST" name="setUpPagesAndUtils" finished-at="2025-06-30T15:23:20 IST" duration-ms="2" status="PASS">
          <reporter-output>
          </reporter-output>
        </test-method> <!-- setUpPagesAndUtils -->
        <test-method signature="validateScoresGenerated([Ljava.lang.String;)[pri:6, instance:tests.TestScripts@b2c9a9c]" started-at="2025-06-30T15:23:20 IST" name="validateScoresGenerated" data-provider="filereaderScore" finished-at="2025-06-30T15:23:22 IST" duration-ms="1741" status="PASS">
          <params>
            <param index="0">
              <value>
                <![CDATA[[Ljava.lang.String;@74ceac0]]>
              </value>
            </param>
          </params>
          <reporter-output>
          </reporter-output>
        </test-method> <!-- validateScoresGenerated -->
        <test-method is-config="true" signature="setUpPagesAndUtils()[pri:0, instance:tests.TestScripts@b2c9a9c]" started-at="2025-06-30T15:23:22 IST" name="setUpPagesAndUtils" finished-at="2025-06-30T15:23:22 IST" duration-ms="1" status="PASS">
          <reporter-output>
          </reporter-output>
        </test-method> <!-- setUpPagesAndUtils -->
        <test-method signature="validateScoresGenerated([Ljava.lang.String;)[pri:6, instance:tests.TestScripts@b2c9a9c]" started-at="2025-06-30T15:23:22 IST" name="validateScoresGenerated" data-provider="filereaderScore" finished-at="2025-06-30T15:23:24 IST" duration-ms="1793" status="FAIL">
          <params>
            <param index="0">
              <value>
                <![CDATA[[Ljava.lang.String;@564e9c0b]]>
              </value>
            </param>
          </params>
          <exception class="java.lang.AssertionError">
            <message>
              <![CDATA[Failing to provide score for inputs :56,60-80 BPM,130,85]]>
            </message>
            <full-stacktrace>
              <![CDATA[java.lang.AssertionError: Failing to provide score for inputs :56,60-80 BPM,130,85
at org.testng.Assert.fail(Assert.java:111)
at tests.TestScripts.validateScoresGenerated(TestScripts.java:125)
at java.base/jdk.internal.reflect.DirectMethodHandleAccessor.invoke(DirectMethodHandleAccessor.java:103)
at java.base/java.lang.reflect.Method.invoke(Method.java:580)
at org.testng.internal.invokers.MethodInvocationHelper.invokeMethod(MethodInvocationHelper.java:141)
at org.testng.internal.invokers.TestInvoker.invokeMethod(TestInvoker.java:687)
at org.testng.internal.invokers.TestInvoker.invokeTestMethod(TestInvoker.java:230)
at org.testng.internal.invokers.MethodRunner.runInSequence(MethodRunner.java:63)
at org.testng.internal.invokers.TestInvoker$MethodInvocationAgent.invoke(TestInvoker.java:995)
at org.testng.internal.invokers.TestInvoker.invokeTestMethods(TestInvoker.java:203)
at org.testng.internal.invokers.TestMethodWorker.invokeTestMethods(TestMethodWorker.java:154)
at org.testng.internal.invokers.TestMethodWorker.run(TestMethodWorker.java:134)
at java.base/java.util.ArrayList.forEach(ArrayList.java:1596)
at org.testng.TestRunner.privateRun(TestRunner.java:741)
at org.testng.TestRunner.run(TestRunner.java:616)
at org.testng.SuiteRunner.runTest(SuiteRunner.java:421)
at org.testng.SuiteRunner.runSequentially(SuiteRunner.java:413)
at org.testng.SuiteRunner.privateRun(SuiteRunner.java:373)
at org.testng.SuiteRunner.run(SuiteRunner.java:312)
at org.testng.SuiteRunnerWorker.runSuite(SuiteRunnerWorker.java:52)
at org.testng.SuiteRunnerWorker.run(SuiteRunnerWorker.java:95)
at org.testng.TestNG.runSuitesSequentially(TestNG.java:1274)
at org.testng.TestNG.runSuitesLocally(TestNG.java:1208)
at org.testng.TestNG.runSuites(TestNG.java:1112)
at org.testng.TestNG.run(TestNG.java:1079)
at org.testng.remote.AbstractRemoteTestNG.run(AbstractRemoteTestNG.java:115)
at org.testng.remote.RemoteTestNG.initAndRun(RemoteTestNG.java:293)
at org.testng.remote.RemoteTestNG.main(RemoteTestNG.java:91)
]]>
            </full-stacktrace>
          </exception> <!-- java.lang.AssertionError -->
          <reporter-output>
          </reporter-output>
        </test-method> <!-- validateScoresGenerated -->
        <test-method is-config="true" signature="setUpPagesAndUtils()[pri:0, instance:tests.TestScripts@b2c9a9c]" started-at="2025-06-30T15:23:24 IST" name="setUpPagesAndUtils" finished-at="2025-06-30T15:23:24 IST" duration-ms="1" status="PASS">
          <reporter-output>
          </reporter-output>
        </test-method> <!-- setUpPagesAndUtils -->
        <test-method signature="validateScoresGenerated([Ljava.lang.String;)[pri:6, instance:tests.TestScripts@b2c9a9c]" started-at="2025-06-30T15:23:24 IST" name="validateScoresGenerated" data-provider="filereaderScore" finished-at="2025-06-30T15:23:25 IST" duration-ms="1405" status="FAIL">
          <params>
            <param index="0">
              <value>
                <![CDATA[[Ljava.lang.String;@6ade4ac6]]>
              </value>
            </param>
          </params>
          <exception class="java.lang.AssertionError">
            <message>
              <![CDATA[Failing to provide score for inputs :75,60-80 BPM,131,86]]>
            </message>
            <full-stacktrace>
              <![CDATA[java.lang.AssertionError: Failing to provide score for inputs :75,60-80 BPM,131,86
at org.testng.Assert.fail(Assert.java:111)
at tests.TestScripts.validateScoresGenerated(TestScripts.java:125)
at java.base/jdk.internal.reflect.DirectMethodHandleAccessor.invoke(DirectMethodHandleAccessor.java:103)
at java.base/java.lang.reflect.Method.invoke(Method.java:580)
at org.testng.internal.invokers.MethodInvocationHelper.invokeMethod(MethodInvocationHelper.java:141)
at org.testng.internal.invokers.TestInvoker.invokeMethod(TestInvoker.java:687)
at org.testng.internal.invokers.TestInvoker.invokeTestMethod(TestInvoker.java:230)
at org.testng.internal.invokers.MethodRunner.runInSequence(MethodRunner.java:63)
at org.testng.internal.invokers.TestInvoker$MethodInvocationAgent.invoke(TestInvoker.java:995)
at org.testng.internal.invokers.TestInvoker.invokeTestMethods(TestInvoker.java:203)
at org.testng.internal.invokers.TestMethodWorker.invokeTestMethods(TestMethodWorker.java:154)
at org.testng.internal.invokers.TestMethodWorker.run(TestMethodWorker.java:134)
at java.base/java.util.ArrayList.forEach(ArrayList.java:1596)
at org.testng.TestRunner.privateRun(TestRunner.java:741)
at org.testng.TestRunner.run(TestRunner.java:616)
at org.testng.SuiteRunner.runTest(SuiteRunner.java:421)
at org.testng.SuiteRunner.runSequentially(SuiteRunner.java:413)
at org.testng.SuiteRunner.privateRun(SuiteRunner.java:373)
at org.testng.SuiteRunner.run(SuiteRunner.java:312)
at org.testng.SuiteRunnerWorker.runSuite(SuiteRunnerWorker.java:52)
at org.testng.SuiteRunnerWorker.run(SuiteRunnerWorker.java:95)
at org.testng.TestNG.runSuitesSequentially(TestNG.java:1274)
at org.testng.TestNG.runSuitesLocally(TestNG.java:1208)
at org.testng.TestNG.runSuites(TestNG.java:1112)
at org.testng.TestNG.run(TestNG.java:1079)
at org.testng.remote.AbstractRemoteTestNG.run(AbstractRemoteTestNG.java:115)
at org.testng.remote.RemoteTestNG.initAndRun(RemoteTestNG.java:293)
at org.testng.remote.RemoteTestNG.main(RemoteTestNG.java:91)
]]>
            </full-stacktrace>
          </exception> <!-- java.lang.AssertionError -->
          <reporter-output>
          </reporter-output>
        </test-method> <!-- validateScoresGenerated -->
        <test-method is-config="true" signature="setUpPagesAndUtils()[pri:0, instance:tests.TestScripts@b2c9a9c]" started-at="2025-06-30T15:23:25 IST" name="setUpPagesAndUtils" finished-at="2025-06-30T15:23:25 IST" duration-ms="1" status="PASS">
          <reporter-output>
          </reporter-output>
        </test-method> <!-- setUpPagesAndUtils -->
        <test-method signature="validateScoresGenerated([Ljava.lang.String;)[pri:6, instance:tests.TestScripts@b2c9a9c]" started-at="2025-06-30T15:23:25 IST" name="validateScoresGenerated" data-provider="filereaderScore" finished-at="2025-06-30T15:23:27 IST" duration-ms="1386" status="FAIL">
          <params>
            <param index="0">
              <value>
                <![CDATA[[Ljava.lang.String;@38f7a20]]>
              </value>
            </param>
          </params>
          <exception class="java.lang.AssertionError">
            <message>
              <![CDATA[Failing to provide score for inputs :76,81-90 BPM,139,89]]>
            </message>
            <full-stacktrace>
              <![CDATA[java.lang.AssertionError: Failing to provide score for inputs :76,81-90 BPM,139,89
at org.testng.Assert.fail(Assert.java:111)
at tests.TestScripts.validateScoresGenerated(TestScripts.java:125)
at java.base/jdk.internal.reflect.DirectMethodHandleAccessor.invoke(DirectMethodHandleAccessor.java:103)
at java.base/java.lang.reflect.Method.invoke(Method.java:580)
at org.testng.internal.invokers.MethodInvocationHelper.invokeMethod(MethodInvocationHelper.java:141)
at org.testng.internal.invokers.TestInvoker.invokeMethod(TestInvoker.java:687)
at org.testng.internal.invokers.TestInvoker.invokeTestMethod(TestInvoker.java:230)
at org.testng.internal.invokers.MethodRunner.runInSequence(MethodRunner.java:63)
at org.testng.internal.invokers.TestInvoker$MethodInvocationAgent.invoke(TestInvoker.java:995)
at org.testng.internal.invokers.TestInvoker.invokeTestMethods(TestInvoker.java:203)
at org.testng.internal.invokers.TestMethodWorker.invokeTestMethods(TestMethodWorker.java:154)
at org.testng.internal.invokers.TestMethodWorker.run(TestMethodWorker.java:134)
at java.base/java.util.ArrayList.forEach(ArrayList.java:1596)
at org.testng.TestRunner.privateRun(TestRunner.java:741)
at org.testng.TestRunner.run(TestRunner.java:616)
at org.testng.SuiteRunner.runTest(SuiteRunner.java:421)
at org.testng.SuiteRunner.runSequentially(SuiteRunner.java:413)
at org.testng.SuiteRunner.privateRun(SuiteRunner.java:373)
at org.testng.SuiteRunner.run(SuiteRunner.java:312)
at org.testng.SuiteRunnerWorker.runSuite(SuiteRunnerWorker.java:52)
at org.testng.SuiteRunnerWorker.run(SuiteRunnerWorker.java:95)
at org.testng.TestNG.runSuitesSequentially(TestNG.java:1274)
at org.testng.TestNG.runSuitesLocally(TestNG.java:1208)
at org.testng.TestNG.runSuites(TestNG.java:1112)
at org.testng.TestNG.run(TestNG.java:1079)
at org.testng.remote.AbstractRemoteTestNG.run(AbstractRemoteTestNG.java:115)
at org.testng.remote.RemoteTestNG.initAndRun(RemoteTestNG.java:293)
at org.testng.remote.RemoteTestNG.main(RemoteTestNG.java:91)
]]>
            </full-stacktrace>
          </exception> <!-- java.lang.AssertionError -->
          <reporter-output>
          </reporter-output>
        </test-method> <!-- validateScoresGenerated -->
        <test-method is-config="true" signature="setUpPagesAndUtils()[pri:0, instance:tests.TestScripts@b2c9a9c]" started-at="2025-06-30T15:23:27 IST" name="setUpPagesAndUtils" finished-at="2025-06-30T15:23:27 IST" duration-ms="1" status="PASS">
          <reporter-output>
          </reporter-output>
        </test-method> <!-- setUpPagesAndUtils -->
        <test-method signature="validateScoresGenerated([Ljava.lang.String;)[pri:6, instance:tests.TestScripts@b2c9a9c]" started-at="2025-06-30T15:23:27 IST" name="validateScoresGenerated" data-provider="filereaderScore" finished-at="2025-06-30T15:23:28 IST" duration-ms="1107" status="FAIL">
          <params>
            <param index="0">
              <value>
                <![CDATA[[Ljava.lang.String;@1704437b]]>
              </value>
            </param>
          </params>
          <exception class="java.lang.AssertionError">
            <message>
              <![CDATA[Failing to provide score for inputs :1000,81-90 BPM,140,90]]>
            </message>
            <full-stacktrace>
              <![CDATA[java.lang.AssertionError: Failing to provide score for inputs :1000,81-90 BPM,140,90
at org.testng.Assert.fail(Assert.java:111)
at tests.TestScripts.validateScoresGenerated(TestScripts.java:125)
at java.base/jdk.internal.reflect.DirectMethodHandleAccessor.invoke(DirectMethodHandleAccessor.java:103)
at java.base/java.lang.reflect.Method.invoke(Method.java:580)
at org.testng.internal.invokers.MethodInvocationHelper.invokeMethod(MethodInvocationHelper.java:141)
at org.testng.internal.invokers.TestInvoker.invokeMethod(TestInvoker.java:687)
at org.testng.internal.invokers.TestInvoker.invokeTestMethod(TestInvoker.java:230)
at org.testng.internal.invokers.MethodRunner.runInSequence(MethodRunner.java:63)
at org.testng.internal.invokers.TestInvoker$MethodInvocationAgent.invoke(TestInvoker.java:995)
at org.testng.internal.invokers.TestInvoker.invokeTestMethods(TestInvoker.java:203)
at org.testng.internal.invokers.TestMethodWorker.invokeTestMethods(TestMethodWorker.java:154)
at org.testng.internal.invokers.TestMethodWorker.run(TestMethodWorker.java:134)
at java.base/java.util.ArrayList.forEach(ArrayList.java:1596)
at org.testng.TestRunner.privateRun(TestRunner.java:741)
at org.testng.TestRunner.run(TestRunner.java:616)
at org.testng.SuiteRunner.runTest(SuiteRunner.java:421)
at org.testng.SuiteRunner.runSequentially(SuiteRunner.java:413)
at org.testng.SuiteRunner.privateRun(SuiteRunner.java:373)
at org.testng.SuiteRunner.run(SuiteRunner.java:312)
at org.testng.SuiteRunnerWorker.runSuite(SuiteRunnerWorker.java:52)
at org.testng.SuiteRunnerWorker.run(SuiteRunnerWorker.java:95)
at org.testng.TestNG.runSuitesSequentially(TestNG.java:1274)
at org.testng.TestNG.runSuitesLocally(TestNG.java:1208)
at org.testng.TestNG.runSuites(TestNG.java:1112)
at org.testng.TestNG.run(TestNG.java:1079)
at org.testng.remote.AbstractRemoteTestNG.run(AbstractRemoteTestNG.java:115)
at org.testng.remote.RemoteTestNG.initAndRun(RemoteTestNG.java:293)
at org.testng.remote.RemoteTestNG.main(RemoteTestNG.java:91)
]]>
            </full-stacktrace>
          </exception> <!-- java.lang.AssertionError -->
          <reporter-output>
          </reporter-output>
        </test-method> <!-- validateScoresGenerated -->
        <test-method is-config="true" signature="setUpPagesAndUtils()[pri:0, instance:tests.TestScripts@b2c9a9c]" started-at="2025-06-30T15:23:28 IST" name="setUpPagesAndUtils" finished-at="2025-06-30T15:23:28 IST" duration-ms="1" status="PASS">
          <reporter-output>
          </reporter-output>
        </test-method> <!-- setUpPagesAndUtils -->
        <test-method signature="validateScoresGenerated([Ljava.lang.String;)[pri:6, instance:tests.TestScripts@b2c9a9c]" started-at="2025-06-30T15:23:28 IST" name="validateScoresGenerated" data-provider="filereaderScore" finished-at="2025-06-30T15:23:30 IST" duration-ms="1526" status="FAIL">
          <params>
            <param index="0">
              <value>
                <![CDATA[[Ljava.lang.String;@17fbbf0a]]>
              </value>
            </param>
          </params>
          <exception class="java.lang.AssertionError">
            <message>
              <![CDATA[Failing to provide score for inputs :45,91-100 BPM,149,99]]>
            </message>
            <full-stacktrace>
              <![CDATA[java.lang.AssertionError: Failing to provide score for inputs :45,91-100 BPM,149,99
at org.testng.Assert.fail(Assert.java:111)
at tests.TestScripts.validateScoresGenerated(TestScripts.java:125)
at java.base/jdk.internal.reflect.DirectMethodHandleAccessor.invoke(DirectMethodHandleAccessor.java:103)
at java.base/java.lang.reflect.Method.invoke(Method.java:580)
at org.testng.internal.invokers.MethodInvocationHelper.invokeMethod(MethodInvocationHelper.java:141)
at org.testng.internal.invokers.TestInvoker.invokeMethod(TestInvoker.java:687)
at org.testng.internal.invokers.TestInvoker.invokeTestMethod(TestInvoker.java:230)
at org.testng.internal.invokers.MethodRunner.runInSequence(MethodRunner.java:63)
at org.testng.internal.invokers.TestInvoker$MethodInvocationAgent.invoke(TestInvoker.java:995)
at org.testng.internal.invokers.TestInvoker.invokeTestMethods(TestInvoker.java:203)
at org.testng.internal.invokers.TestMethodWorker.invokeTestMethods(TestMethodWorker.java:154)
at org.testng.internal.invokers.TestMethodWorker.run(TestMethodWorker.java:134)
at java.base/java.util.ArrayList.forEach(ArrayList.java:1596)
at org.testng.TestRunner.privateRun(TestRunner.java:741)
at org.testng.TestRunner.run(TestRunner.java:616)
at org.testng.SuiteRunner.runTest(SuiteRunner.java:421)
at org.testng.SuiteRunner.runSequentially(SuiteRunner.java:413)
at org.testng.SuiteRunner.privateRun(SuiteRunner.java:373)
at org.testng.SuiteRunner.run(SuiteRunner.java:312)
at org.testng.SuiteRunnerWorker.runSuite(SuiteRunnerWorker.java:52)
at org.testng.SuiteRunnerWorker.run(SuiteRunnerWorker.java:95)
at org.testng.TestNG.runSuitesSequentially(TestNG.java:1274)
at org.testng.TestNG.runSuitesLocally(TestNG.java:1208)
at org.testng.TestNG.runSuites(TestNG.java:1112)
at org.testng.TestNG.run(TestNG.java:1079)
at org.testng.remote.AbstractRemoteTestNG.run(AbstractRemoteTestNG.java:115)
at org.testng.remote.RemoteTestNG.initAndRun(RemoteTestNG.java:293)
at org.testng.remote.RemoteTestNG.main(RemoteTestNG.java:91)
]]>
            </full-stacktrace>
          </exception> <!-- java.lang.AssertionError -->
          <reporter-output>
          </reporter-output>
        </test-method> <!-- validateScoresGenerated -->
        <test-method signature="validateScoresGenerated([Ljava.lang.String;)[pri:6, instance:tests.TestScripts@b2c9a9c]" started-at="2025-06-30T15:23:30 IST" name="validateScoresGenerated" data-provider="filereaderScore" finished-at="2025-06-30T15:23:31 IST" duration-ms="1253" status="PASS">
          <params>
            <param index="0">
              <value>
                <![CDATA[[Ljava.lang.String;@6124500b]]>
              </value>
            </param>
          </params>
          <reporter-output>
          </reporter-output>
        </test-method> <!-- validateScoresGenerated -->
        <test-method is-config="true" signature="setUpPagesAndUtils()[pri:0, instance:tests.TestScripts@b2c9a9c]" started-at="2025-06-30T15:23:30 IST" name="setUpPagesAndUtils" finished-at="2025-06-30T15:23:30 IST" duration-ms="0" status="PASS">
          <reporter-output>
          </reporter-output>
        </test-method> <!-- setUpPagesAndUtils -->
        <test-method is-config="true" signature="setUpPagesAndUtils()[pri:0, instance:tests.TestScripts@b2c9a9c]" started-at="2025-06-30T15:23:31 IST" name="setUpPagesAndUtils" finished-at="2025-06-30T15:23:31 IST" duration-ms="2" status="PASS">
          <reporter-output>
          </reporter-output>
        </test-method> <!-- setUpPagesAndUtils -->
        <test-method signature="validateScoresGenerated([Ljava.lang.String;)[pri:6, instance:tests.TestScripts@b2c9a9c]" started-at="2025-06-30T15:23:31 IST" name="validateScoresGenerated" data-provider="filereaderScore" finished-at="2025-06-30T15:23:33 IST" duration-ms="1683" status="PASS">
          <params>
            <param index="0">
              <value>
                <![CDATA[[Ljava.lang.String;@2aeebb64]]>
              </value>
            </param>
          </params>
          <reporter-output>
          </reporter-output>
        </test-method> <!-- validateScoresGenerated -->
[...]
          </reporter-output>
        </test-method> <!-- setUpPagesAndUtils -->
        <test-method signature="scoreCard()[pri:9, instance:tests.TestScripts@b2c9a9c]" started-at="2025-06-30T15:26:27 IST" name="scoreCard" finished-at="2025-06-30T15:27:45 IST" duration-ms="78859" status="FAIL">
          <exception class="java.lang.AssertionError">
            <message>
              <![CDATA[Systolic BP : 130  Diastolic BP : 70  Pulse BP :50-59 BPM result not generated alert interrupted]]>
            </message>
            <full-stacktrace>
              <![CDATA[java.lang.AssertionError: Systolic BP : 130  Diastolic BP : 70  Pulse BP :50-59 BPM result not generated alert interrupted
at org.testng.Assert.fail(Assert.java:111)
at pages.HomePage.success(HomePage.java:270)
at tests.TestScripts.scoreCard(TestScripts.java:146)
at java.base/jdk.internal.reflect.DirectMethodHandleAccessor.invoke(DirectMethodHandleAccessor.java:103)
at java.base/java.lang.reflect.Method.invoke(Method.java:580)
at org.testng.internal.invokers.MethodInvocationHelper.invokeMethod(MethodInvocationHelper.java:141)
at org.testng.internal.invokers.TestInvoker.invokeMethod(TestInvoker.java:687)
at org.testng.internal.invokers.TestInvoker.invokeTestMethod(TestInvoker.java:230)
at org.testng.internal.invokers.MethodRunner.runInSequence(MethodRunner.java:63)
at org.testng.internal.invokers.TestInvoker$MethodInvocationAgent.invoke(TestInvoker.java:995)
at org.testng.internal.invokers.TestInvoker.invokeTestMethods(TestInvoker.java:203)
at org.testng.internal.invokers.TestMethodWorker.invokeTestMethods(TestMethodWorker.java:154)
at org.testng.internal.invokers.TestMethodWorker.run(TestMethodWorker.java:134)
at java.base/java.util.ArrayList.forEach(ArrayList.java:1596)
at org.testng.TestRunner.privateRun(TestRunner.java:741)
at org.testng.TestRunner.run(TestRunner.java:616)
at org.testng.SuiteRunner.runTest(SuiteRunner.java:421)
at org.testng.SuiteRunner.runSequentially(SuiteRunner.java:413)
at org.testng.SuiteRunner.privateRun(SuiteRunner.java:373)
at org.testng.SuiteRunner.run(SuiteRunner.java:312)
at org.testng.SuiteRunnerWorker.runSuite(SuiteRunnerWorker.java:52)
at org.testng.SuiteRunnerWorker.run(SuiteRunnerWorker.java:95)
at org.testng.TestNG.runSuitesSequentially(TestNG.java:1274)
at org.testng.TestNG.runSuitesLocally(TestNG.java:1208)
at org.testng.TestNG.runSuites(TestNG.java:1112)
at org.testng.TestNG.run(TestNG.java:1079)
at org.testng.remote.AbstractRemoteTestNG.run(AbstractRemoteTestNG.java:115)
at org.testng.remote.RemoteTestNG.initAndRun(RemoteTestNG.java:293)
at org.testng.remote.RemoteTestNG.main(RemoteTestNG.java:91)
]]>
            </full-stacktrace>
          </exception> <!-- java.lang.AssertionError -->
          <reporter-output>
          </reporter-output>
        </test-method> <!-- scoreCard -->
        <test-method is-config="true" signature="setUpPagesAndUtils()[pri:0, instance:tests.TestScripts@b2c9a9c]" started-at="2025-06-30T15:27:46 IST" name="setUpPagesAndUtils" finished-at="2025-06-30T15:27:46 IST" duration-ms="1" status="PASS">
          <reporter-output>
          </reporter-output>
        </test-method> <!-- setUpPagesAndUtils -->
        <test-method signature="validateHealthRemark([Ljava.lang.String;)[pri:10, instance:tests.TestScripts@b2c9a9c]" started-at="2025-06-30T15:27:46 IST" name="validateHealthRemark" data-provider="filereadRemarks" finished-at="2025-06-30T15:27:47 IST" duration-ms="1449" status="PASS">
          <params>
            <param index="0">
              <value>
                <![CDATA[[Ljava.lang.String;@4ae1b9dd]]>
              </value>
            </param>
          </params>
          <reporter-output>
          </reporter-output>
        </test-method> <!-- validateHealthRemark -->
        <test-method is-config="true" signature="setUpPagesAndUtils()[pri:0, instance:tests.TestScripts@b2c9a9c]" started-at="2025-06-30T15:27:47 IST" name="setUpPagesAndUtils" finished-at="2025-06-30T15:27:47 IST" duration-ms="1" status="PASS">
          <reporter-output>
          </reporter-output>
        </test-method> <!-- setUpPagesAndUtils -->
        <test-method signature="validateHealthRemark([Ljava.lang.String;)[pri:10, instance:tests.TestScripts@b2c9a9c]" started-at="2025-06-30T15:27:47 IST" name="validateHealthRemark" data-provider="filereadRemarks" finished-at="2025-06-30T15:27:49 IST" duration-ms="1649" status="PASS">
          <params>
            <param index="0">
              <value>
                <![CDATA[[Ljava.lang.String;@5d9400f]]>
              </value>
            </param>
          </params>
          <reporter-output>
          </reporter-output>
        </test-method> <!-- validateHealthRemark -->
        <test-method is-config="true" signature="setUpPagesAndUtils()[pri:0, instance:tests.TestScripts@b2c9a9c]" started-at="2025-06-30T15:27:49 IST" name="setUpPagesAndUtils" finished-at="2025-06-30T15:27:49 IST" duration-ms="1" status="PASS">
          <reporter-output>
          </reporter-output>
        </test-method> <!-- setUpPagesAndUtils -->
        <test-method signature="validateHealthRemark([Ljava.lang.String;)[pri:10, instance:tests.TestScripts@b2c9a9c]" started-at="2025-06-30T15:27:49 IST" name="validateHealthRemark" data-provider="filereadRemarks" finished-at="2025-06-30T15:27:50 IST" duration-ms="1286" status="PASS">
          <params>
            <param index="0">
              <value>
                <![CDATA[[Ljava.lang.String;@3e312371]]>
              </value>
            </param>
          </params>
          <reporter-output>
          </reporter-output>
        </test-method> <!-- validateHealthRemark -->
        <test-method is-config="true" signature="setUpPagesAndUtils()[pri:0, instance:tests.TestScripts@b2c9a9c]" started-at="2025-06-30T15:27:50 IST" name="setUpPagesAndUtils" finished-at="2025-06-30T15:27:50 IST" duration-ms="1" status="PASS">
          <reporter-output>
          </reporter-output>
        </test-method> <!-- setUpPagesAndUtils -->
        <test-method signature="validateHealthRemark([Ljava.lang.String;)[pri:10, instance:tests.TestScripts@b2c9a9c]" started-at="2025-06-30T15:27:50 IST" name="validateHealthRemark" data-provider="filereadRemarks" finished-at="2025-06-30T15:27:52 IST" duration-ms="1377" status="PASS">
          <params>
            <param index="0">
              <value>
                <![CDATA[[Ljava.lang.String;@1907bfea]]>
              </value>
            </param>
          </params>
          <reporter-output>
          </reporter-output>
        </test-method> <!-- validateHealthRemark -->
        <test-method is-config="true" signature="setUpPagesAndUtils()[pri:0, instance:tests.TestScripts@b2c9a9c]" started-at="2025-06-30T15:27:52 IST" name="setUpPagesAndUtils" finished-at="2025-06-30T15:27:52 IST" duration-ms="1" status="PASS">
          <reporter-output>
          </reporter-output>
        </test-method> <!-- setUpPagesAndUtils -->
        <test-method signature="validateHealthRemark([Ljava.lang.String;)[pri:10, instance:tests.TestScripts@b2c9a9c]" started-at="2025-06-30T15:27:52 IST" name="validateHealthRemark" data-provider="filereadRemarks" finished-at="2025-06-30T15:27:53 IST" duration-ms="1519" status="PASS">
          <params>
            <param index="0">
              <value>
                <![CDATA[[Ljava.lang.String;@182f181c]]>
              </value>
            </param>
          </params>
          <reporter-output>
          </reporter-output>
        </test-method> <!-- validateHealthRemark -->
        <test-method is-config="true" signature="setUpPagesAndUtils()[pri:0, instance:tests.TestScripts@b2c9a9c]" started-at="2025-06-30T15:27:53 IST" name="setUpPagesAndUtils" finished-at="2025-06-30T15:27:53 IST" duration-ms="1" status="PASS">
          <reporter-output>
          </reporter-output>
        </test-method> <!-- setUpPagesAndUtils -->
        <test-method signature="validateHealthRemark([Ljava.lang.String;)[pri:10, instance:tests.TestScripts@b2c9a9c]" started-at="2025-06-30T15:27:53 IST" name="validateHealthRemark" data-provider="filereadRemarks" finished-at="2025-06-30T15:27:54 IST" duration-ms="1293" status="PASS">
          <params>
            <param index="0">
              <value>
                <![CDATA[[Ljava.lang.String;@3bf24459]]>
              </value>
            </param>
          </params>
          <reporter-output>
          </reporter-output>
        </test-method> <!-- validateHealthRemark -->
        <test-method is-config="true" signature="setUpPagesAndUtils()[pri:0, instance:tests.TestScripts@b2c9a9c]" started-at="2025-06-30T15:27:54 IST" name="setUpPagesAndUtils" finished-at="2025-06-30T15:27:54 IST" duration-ms="0" status="PASS">
          <reporter-output>
          </reporter-output>
        </test-method> <!-- setUpPagesAndUtils -->
        <test-method signature="validateHealthRemark([Ljava.lang.String;)[pri:10, instance:tests.TestScripts@b2c9a9c]" started-at="2025-06-30T15:27:54 IST" name="validateHealthRemark" data-provider="filereadRemarks" finished-at="2025-06-30T15:27:56 IST" duration-ms="1735" status="PASS">
          <params>
            <param index="0">
              <value>
                <![CDATA[[Ljava.lang.String;@4f84260e]]>
              </value>
            </param>
          </params>
          <reporter-output>
          </reporter-output>
        </test-method> <!-- validateHealthRemark -->
        <test-method is-config="true" signature="setUpPagesAndUtils()[pri:0, instance:tests.TestScripts@b2c9a9c]" started-at="2025-06-30T15:27:56 IST" name="setUpPagesAndUtils" finished-at="2025-06-30T15:27:56 IST" duration-ms="0" status="PASS">
          <reporter-output>
          </reporter-output>
        </test-method> <!-- setUpPagesAndUtils -->
        <test-method signature="validateHealthRemark([Ljava.lang.String;)[pri:10, instance:tests.TestScripts@b2c9a9c]" started-at="2025-06-30T15:27:56 IST" name="validateHealthRemark" data-provider="filereadRemarks" finished-at="2025-06-30T15:27:57 IST" duration-ms="1363" status="PASS">
          <params>
            <param index="0">
              <value>
                <![CDATA[[Ljava.lang.String;@53b85fdb]]>
              </value>
            </param>
          </params>
          <reporter-output>
          </reporter-output>
        </test-method> <!-- validateHealthRemark -->
        <test-method is-config="true" signature="setUpPagesAndUtils()[pri:0, instance:tests.TestScripts@b2c9a9c]" started-at="2025-06-30T15:27:57 IST" name="setUpPagesAndUtils" finished-at="2025-06-30T15:27:57 IST" duration-ms="1" status="PASS">
          <reporter-output>
          </reporter-output>
        </test-method> <!-- setUpPagesAndUtils -->
        <test-method signature="validateHealthRemark([Ljava.lang.String;)[pri:10, instance:tests.TestScripts@b2c9a9c]" started-at="2025-06-30T15:27:57 IST" name="validateHealthRemark" data-provider="filereadRemarks" finished-at="2025-06-30T15:27:59 IST" duration-ms="1638" status="PASS">
          <params>
            <param index="0">
              <value>
                <![CDATA[[Ljava.lang.String;@6fa52a4f]]>
              </value>
            </param>
          </params>
          <reporter-output>
          </reporter-output>
        </test-method> <!-- validateHealthRemark -->
        <test-method signature="validateHealthRemark([Ljava.lang.String;)[pri:10, instance:tests.TestScripts@b2c9a9c]" started-at="2025-06-30T15:27:59 IST" name="validateHealthRemark" data-provider="filereadRemarks" finished-at="2025-06-30T15:28:01 IST" duration-ms="1509" status="PASS">
          <params>
            <param index="0">
              <value>
                <![CDATA[[Ljava.lang.String;@3ffd9e3b]]>
              </value>
            </param>
          </params>
          <reporter-output>
          </reporter-output>
        </test-method> <!-- validateHealthRemark -->
        <test-method is-config="true" signature="setUpPagesAndUtils()[pri:0, instance:tests.TestScripts@b2c9a9c]" started-at="2025-06-30T15:27:59 IST" name="setUpPagesAndUtils" finished-at="2025-06-30T15:27:59 IST" duration-ms="0" status="PASS">
          <reporter-output>
          </reporter-output>
        </test-method> <!-- setUpPagesAndUtils -->
        <test-method is-config="true" signature="setUpPagesAndUtils()[pri:0, instance:tests.TestScripts@b2c9a9c]" started-at="2025-06-30T15:28:01 IST" name="setUpPagesAndUtils" finished-at="2025-06-30T15:28:01 IST" duration-ms="0" status="PASS">
          <reporter-output>
          </reporter-output>
        </test-method> <!-- setUpPagesAndUtils -->
        <test-method signature="validateHealthRemark([Ljava.lang.String;)[pri:10, instance:tests.TestScripts@b2c9a9c]" started-at="2025-06-30T15:28:01 IST" name="validateHealthRemark" data-provider="filereadRemarks" finished-at="2025-06-30T15:28:02 IST" duration-ms="1757" status="PASS">
          <params>
            <param index="0">
              <value>
                <![CDATA[[Ljava.lang.String;@4557cd06]]>
              </value>
            </param>
          </params>
          <reporter-output>
          </reporter-output>
        </test-method> <!-- validateHealthRemark -->
        <test-method is-config="true" signature="setUpPagesAndUtils()[pri:0, instance:tests.TestScripts@b2c9a9c]" started-at="2025-06-30T15:28:02 IST" name="setUpPagesAndUtils" finished-at="2025-06-30T15:28:02 IST" duration-ms="1" status="PASS">
          <reporter-output>
          </reporter-output>
        </test-method> <!-- setUpPagesAndUtils -->
        <test-method signature="validateHealthRemark([Ljava.lang.String;)[pri:10, instance:tests.TestScripts@b2c9a9c]" started-at="2025-06-30T15:28:02 IST" name="validateHealthRemark" data-provider="filereadRemarks" finished-at="2025-06-30T15:28:04 IST" duration-ms="1805" status="PASS">
          <params>
            <param index="0">
              <value>
                <![CDATA[[Ljava.lang.String;@62da3efd]]>
              </value>
            </param>
          </params>
          <reporter-output>
          </reporter-output>
        </test-method> <!-- validateHealthRemark -->
        <test-method is-config="true" signature="setUpPagesAndUtils()[pri:0, instance:tests.TestScripts@b2c9a9c]" started-at="2025-06-30T15:28:04 IST" name="setUpPagesAndUtils" finished-at="2025-06-30T15:28:04 IST" duration-ms="1" status="PASS">
          <reporter-output>
          </reporter-output>
        </test-method> <!-- setUpPagesAndUtils -->
        <test-method signature="validateHealthRemark([Ljava.lang.String;)[pri:10, instance:tests.TestScripts@b2c9a9c]" started-at="2025-06-30T15:28:04 IST" name="validateHealthRemark" data-provider="filereadRemarks" finished-at="2025-06-30T15:28:06 IST" duration-ms="1739" status="PASS">
          <params>
            <param index="0">
              <value>
                <![CDATA[[Ljava.lang.String;@709cf05b]]>
              </value>
            </param>
          </params>
          <reporter-output>
          </reporter-output>
        </test-method> <!-- validateHealthRemark -->
        <test-method signature="validateHealthRemark([Ljava.lang.String;)[pri:10, instance:tests.TestScripts@b2c9a9c]" started-at="2025-06-30T15:28:06 IST" name="validateHealthRemark" data-provider="filereadRemarks" finished-at="2025-06-30T15:28:08 IST" duration-ms="1681" status="PASS">
          <params>
            <param index="0">
              <value>
                <![CDATA[[Ljava.lang.String;@277b4a42]]>
              </value>
            </param>
          </params>
          <reporter-output>
          </reporter-output>
        </test-method> <!-- validateHealthRemark -->
        <test-method is-config="true" signature="setUpPagesAndUtils()[pri:0, instance:tests.TestScripts@b2c9a9c]" started-at="2025-06-30T15:28:06 IST" name="setUpPagesAndUtils" finished-at="2025-06-30T15:28:06 IST" duration-ms="0" status="PASS">
          <reporter-output>
          </reporter-output>
        </test-method> <!-- setUpPagesAndUtils -->
        <test-method is-config="true" signature="setUpPagesAndUtils()[pri:0, instance:tests.TestScripts@b2c9a9c]" started-at="2025-06-30T15:28:08 IST" name="setUpPagesAndUtils" finished-at="2025-06-30T15:28:08 IST" duration-ms="2" status="PASS">
          <reporter-output>
          </reporter-output>
        </test-method> <!-- setUpPagesAndUtils -->
        <test-method signature="validateResetButton()[pri:11, instance:tests.TestScripts@b2c9a9c]" started-at="2025-06-30T15:28:08 IST" name="validateResetButton" finished-at="2025-06-30T15:28:09 IST" duration-ms="1722" status="FAIL">
          <exception class="java.lang.AssertionError">
            <message>
              <![CDATA[Result card should be hidden after reset. expected [false] but found [true]]]>
            </message>
            <full-stacktrace>
              <![CDATA[java.lang.AssertionError: Result card should be hidden after reset. expected [false] but found [true]
at org.testng.Assert.fail(Assert.java:111)
at org.testng.Assert.failNotEquals(Assert.java:1590)
at org.testng.Assert.assertFalse(Assert.java:79)
at tests.TestScripts.validateResetButton(TestScripts.java:173)
at java.base/jdk.internal.reflect.DirectMethodHandleAccessor.invoke(DirectMethodHandleAccessor.java:103)
at java.base/java.lang.reflect.Method.invoke(Method.java:580)
at org.testng.internal.invokers.MethodInvocationHelper.invokeMethod(MethodInvocationHelper.java:141)
at org.testng.internal.invokers.TestInvoker.invokeMethod(TestInvoker.java:687)
at org.testng.internal.invokers.TestInvoker.invokeTestMethod(TestInvoker.java:230)
at org.testng.internal.invokers.MethodRunner.runInSequence(MethodRunner.java:63)
at org.testng.internal.invokers.TestInvoker$MethodInvocationAgent.invoke(TestInvoker.java:995)
at org.testng.internal.invokers.TestInvoker.invokeTestMethods(TestInvoker.java:203)
at org.testng.internal.invokers.TestMethodWorker.invokeTestMethods(TestMethodWorker.java:154)
at org.testng.internal.invokers.TestMethodWorker.run(TestMethodWorker.java:134)
at java.base/java.util.ArrayList.forEach(ArrayList.java:1596)
at org.testng.TestRunner.privateRun(TestRunner.java:741)
at org.testng.TestRunner.run(TestRunner.java:616)
at org.testng.SuiteRunner.runTest(SuiteRunner.java:421)
at org.testng.SuiteRunner.runSequentially(SuiteRunner.java:413)
at org.testng.SuiteRunner.privateRun(SuiteRunner.java:373)
at org.testng.SuiteRunner.run(SuiteRunner.java:312)
at org.testng.SuiteRunnerWorker.runSuite(SuiteRunnerWorker.java:52)
at org.testng.SuiteRunnerWorker.run(SuiteRunnerWorker.java:95)
at org.testng.TestNG.runSuitesSequentially(TestNG.java:1274)
at org.testng.TestNG.runSuitesLocally(TestNG.java:1208)
at org.testng.TestNG.runSuites(TestNG.java:1112)
at org.testng.TestNG.run(TestNG.java:1079)
at org.testng.remote.AbstractRemoteTestNG.run(AbstractRemoteTestNG.java:115)
at org.testng.remote.RemoteTestNG.initAndRun(RemoteTestNG.java:293)
at org.testng.remote.RemoteTestNG.main(RemoteTestNG.java:91)
]]>
            </full-stacktrace>
          </exception> <!-- java.lang.AssertionError -->
          <reporter-output>
          </reporter-output>
        </test-method> <!-- validateResetButton -->
        <test-method is-config="true" signature="tearDown()[pri:0, instance:tests.TestScripts@b2c9a9c]" started-at="2025-06-30T15:28:10 IST" name="tearDown" finished-at="2025-06-30T15:28:18 IST" duration-ms="8225" status="PASS">
          <reporter-output>
          </reporter-output>
        </test-method> <!-- tearDown -->
      </class> <!-- tests.TestScripts -->
    </test> <!-- Default test -->
  </suite> <!-- Default suite -->
</testng-results>
