<?xml version="1.0" encoding="UTF-8"?>
<testng-results ignored="5" total="12" passed="6" failed="1" skipped="0">
  <reporter-output>
  </reporter-output>
  <suite started-at="2025-06-29T12:48:57 IST" name="Default suite" finished-at="2025-06-29T12:49:08 IST" duration-ms="10878">
    <groups>
    </groups>
    <test started-at="2025-06-29T12:48:57 IST" name="Default test" finished-at="2025-06-29T12:49:08 IST" duration-ms="10878">
      <class name="tests.TestScripts">
        <test-method is-config="true" signature="setUp(java.lang.String)[pri:0, instance:tests.TestScripts@5dda768f]" started-at="2025-06-29T12:48:57 IST" name="setUp" finished-at="2025-06-29T12:49:02 IST" duration-ms="5139" status="PASS">
          <params>
            <param index="0">
              <value>
                <![CDATA[chrome]]>
              </value>
            </param>
          </params>
          <reporter-output>
          </reporter-output>
        </test-method> <!-- setUp -->
        <test-method is-config="true" signature="setUpPagesAndUtils()[pri:0, instance:tests.TestScripts@5dda768f]" started-at="2025-06-29T12:49:03 IST" name="setUpPagesAndUtils" finished-at="2025-06-29T12:49:03 IST" duration-ms="30" status="PASS">
          <reporter-output>
          </reporter-output>
        </test-method> <!-- setUpPagesAndUtils -->
        <test-method signature="validateName([Ljava.lang.String;)[pri:0, instance:tests.TestScripts@5dda768f]" started-at="2025-06-29T12:49:03 IST" name="validateName" data-provider="filereader" finished-at="2025-06-29T12:49:03 IST" duration-ms="365" status="FAIL">
          <params>
            <param index="0">
              <value>
                <![CDATA[[Ljava.lang.String;@5bca7664]]>
              </value>
            </param>
          </params>
          <exception class="java.lang.AssertionError">
            <message>
              <![CDATA[  it needs to fails but pass. expected [false] but found [true]]]>
            </message>
            <full-stacktrace>
              <![CDATA[java.lang.AssertionError:   it needs to fails but pass. expected [false] but found [true]
at org.testng.Assert.fail(Assert.java:111)
at org.testng.Assert.failNotEquals(Assert.java:1590)
at org.testng.Assert.assertFalse(Assert.java:79)
at tests.TestScripts.validateName(TestScripts.java:35)
at java.base/jdk.internal.reflect.DirectMethodHandleAccessor.invoke(DirectMethodHandleAccessor.java:103)
at java.base/java.lang.reflect.Method.invoke(Method.java:580)
at org.testng.internal.invokers.MethodInvocationHelper.invokeMethod(MethodInvocationHelper.java:141)
at org.testng.internal.invokers.TestInvoker.invokeMethod(TestInvoker.java:687)
at org.testng.internal.invokers.TestInvoker.invokeTestMethod(TestInvoker.java:230)
at org.testng.internal.invokers.MethodRunner.runInSequence(MethodRunner.java:63)
at org.testng.internal.invokers.TestInvoker$MethodInvocationAgent.invoke(TestInvoker.java:995)
at org.testng.internal.invokers.TestInvoker.invokeTestMethods(TestInvoker.java:203)
at org.testng.internal.invokers.TestMethodWorker.invokeTestMethods(TestMethodWorker.java:154)
at org.testng.internal.invokers.TestMethodWorker.run(TestMethodWorker.java:134)
at java.base/java.util.ArrayList.forEach(ArrayList.java:1596)
at org.testng.TestRunner.privateRun(TestRunner.java:741)
at org.testng.TestRunner.run(TestRunner.java:616)
at org.testng.SuiteRunner.runTest(SuiteRunner.java:421)
at org.testng.SuiteRunner.runSequentially(SuiteRunner.java:413)
at org.testng.SuiteRunner.privateRun(SuiteRunner.java:373)
at org.testng.SuiteRunner.run(SuiteRunner.java:312)
at org.testng.SuiteRunnerWorker.runSuite(SuiteRunnerWorker.java:52)
at org.testng.SuiteRunnerWorker.run(SuiteRunnerWorker.java:95)
at org.testng.TestNG.runSuitesSequentially(TestNG.java:1274)
at org.testng.TestNG.runSuitesLocally(TestNG.java:1208)
at org.testng.TestNG.runSuites(TestNG.java:1112)
at org.testng.TestNG.run(TestNG.java:1079)
at org.testng.remote.AbstractRemoteTestNG.run(AbstractRemoteTestNG.java:115)
at org.testng.remote.RemoteTestNG.initAndRun(RemoteTestNG.java:293)
at org.testng.remote.RemoteTestNG.main(RemoteTestNG.java:91)
]]>
            </full-stacktrace>
          </exception> <!-- java.lang.AssertionError -->
          <reporter-output>
          </reporter-output>
        </test-method> <!-- validateName -->
        <test-method is-config="true" signature="setUpPagesAndUtils()[pri:0, instance:tests.TestScripts@5dda768f]" started-at="2025-06-29T12:49:03 IST" name="setUpPagesAndUtils" finished-at="2025-06-29T12:49:03 IST" duration-ms="1" status="PASS">
          <reporter-output>
          </reporter-output>
        </test-method> <!-- setUpPagesAndUtils -->
        <test-method signature="validateName([Ljava.lang.String;)[pri:0, instance:tests.TestScripts@5dda768f]" started-at="2025-06-29T12:49:03 IST" name="validateName" data-provider="filereader" finished-at="2025-06-29T12:49:04 IST" duration-ms="310" status="PASS">
          <params>
            <param index="0">
              <value>
                <![CDATA[[Ljava.lang.String;@7479b626]]>
              </value>
            </param>
          </params>
          <reporter-output>
          </reporter-output>
        </test-method> <!-- validateName -->
        <test-method is-config="true" signature="setUpPagesAndUtils()[pri:0, instance:tests.TestScripts@5dda768f]" started-at="2025-06-29T12:49:04 IST" name="setUpPagesAndUtils" finished-at="2025-06-29T12:49:04 IST" duration-ms="1" status="PASS">
          <reporter-output>
          </reporter-output>
        </test-method> <!-- setUpPagesAndUtils -->
        <test-method signature="validateName([Ljava.lang.String;)[pri:0, instance:tests.TestScripts@5dda768f]" started-at="2025-06-29T12:49:04 IST" name="validateName" data-provider="filereader" finished-at="2025-06-29T12:49:04 IST" duration-ms="291" status="PASS">
          <params>
            <param index="0">
              <value>
                <![CDATA[[Ljava.lang.String;@3efedc6f]]>
              </value>
            </param>
          </params>
          <reporter-output>
          </reporter-output>
        </test-method> <!-- validateName -->
        <test-method is-config="true" signature="setUpPagesAndUtils()[pri:0, instance:tests.TestScripts@5dda768f]" started-at="2025-06-29T12:49:04 IST" name="setUpPagesAndUtils" finished-at="2025-06-29T12:49:04 IST" duration-ms="1" status="PASS">
          <reporter-output>
          </reporter-output>
        </test-method> <!-- setUpPagesAndUtils -->
        <test-method signature="validateName([Ljava.lang.String;)[pri:0, instance:tests.TestScripts@5dda768f]" started-at="2025-06-29T12:49:04 IST" name="validateName" data-provider="filereader" finished-at="2025-06-29T12:49:04 IST" duration-ms="243" status="PASS">
          <params>
            <param index="0">
              <value>
                <![CDATA[[Ljava.lang.String;@e8ea697]]>
              </value>
            </param>
          </params>
          <reporter-output>
          </reporter-output>
        </test-method> <!-- validateName -->
        <test-method is-config="true" signature="setUpPagesAndUtils()[pri:0, instance:tests.TestScripts@5dda768f]" started-at="2025-06-29T12:49:04 IST" name="setUpPagesAndUtils" finished-at="2025-06-29T12:49:04 IST" duration-ms="1" status="PASS">
          <reporter-output>
          </reporter-output>
        </test-method> <!-- setUpPagesAndUtils -->
        <test-method signature="validateName([Ljava.lang.String;)[pri:0, instance:tests.TestScripts@5dda768f]" started-at="2025-06-29T12:49:04 IST" name="validateName" data-provider="filereader" finished-at="2025-06-29T12:49:04 IST" duration-ms="276" status="PASS">
          <params>
            <param index="0">
              <value>
                <![CDATA[[Ljava.lang.String;@45bf6f39]]>
              </value>
            </param>
          </params>
          <reporter-output>
          </reporter-output>
        </test-method> <!-- validateName -->
        <test-method is-config="true" signature="setUpPagesAndUtils()[pri:0, instance:tests.TestScripts@5dda768f]" started-at="2025-06-29T12:49:04 IST" name="setUpPagesAndUtils" finished-at="2025-06-29T12:49:04 IST" duration-ms="3" status="PASS">
          <reporter-output>
          </reporter-output>
        </test-method> <!-- setUpPagesAndUtils -->
        <test-method signature="validateName([Ljava.lang.String;)[pri:0, instance:tests.TestScripts@5dda768f]" started-at="2025-06-29T12:49:04 IST" name="validateName" data-provider="filereader" finished-at="2025-06-29T12:49:05 IST" duration-ms="269" status="PASS">
          <params>
            <param index="0">
              <value>
                <![CDATA[[Ljava.lang.String;@74dbb1ee]]>
              </value>
            </param>
          </params>
          <reporter-output>
          </reporter-output>
        </test-method> <!-- validateName -->
        <test-method is-config="true" signature="setUpPagesAndUtils()[pri:0, instance:tests.TestScripts@5dda768f]" started-at="2025-06-29T12:49:05 IST" name="setUpPagesAndUtils" finished-at="2025-06-29T12:49:05 IST" duration-ms="2" status="PASS">
          <reporter-output>
          </reporter-output>
        </test-method> <!-- setUpPagesAndUtils -->
        <test-method signature="validateName([Ljava.lang.String;)[pri:0, instance:tests.TestScripts@5dda768f]" started-at="2025-06-29T12:49:05 IST" name="validateName" data-provider="filereader" finished-at="2025-06-29T12:49:05 IST" duration-ms="232" status="PASS">
          <params>
            <param index="0">
              <value>
                <![CDATA[[Ljava.lang.String;@70f822e]]>
              </value>
            </param>
          </params>
          <reporter-output>
          </reporter-output>
        </test-method> <!-- validateName -->
        <test-method is-config="true" signature="tearDown()[pri:0, instance:tests.TestScripts@5dda768f]" started-at="2025-06-29T12:49:05 IST" name="tearDown" finished-at="2025-06-29T12:49:08 IST" duration-ms="2685" status="PASS">
          <reporter-output>
          </reporter-output>
        </test-method> <!-- tearDown -->
      </class> <!-- tests.TestScripts -->
    </test> <!-- Default test -->
  </suite> <!-- Default suite -->
</testng-results>
