<?xml version="1.0" encoding="UTF-8"?>
<testng-results ignored="4" total="8" passed="4" failed="0" skipped="0">
  <reporter-output>
  </reporter-output>
  <suite started-at="2025-06-28T23:00:09 IST" name="Default suite" finished-at="2025-06-28T23:00:19 IST" duration-ms="9889">
    <groups>
    </groups>
    <test started-at="2025-06-28T23:00:09 IST" name="Default test" finished-at="2025-06-28T23:00:19 IST" duration-ms="9889">
      <class name="tests.TestScripts">
        <test-method is-config="true" signature="setUp(java.lang.String)[pri:0, instance:tests.TestScripts@1ce24091]" started-at="2025-06-28T23:00:09 IST" name="setUp" finished-at="2025-06-28T23:00:14 IST" duration-ms="5037" status="PASS">
          <params>
            <param index="0">
              <value>
                <![CDATA[chrome]]>
              </value>
            </param>
          </params>
          <reporter-output>
          </reporter-output>
        </test-method> <!-- setUp -->
        <test-method is-config="true" signature="setUpPagesAndUtils()[pri:0, instance:tests.TestScripts@1ce24091]" started-at="2025-06-28T23:00:15 IST" name="setUpPagesAndUtils" finished-at="2025-06-28T23:00:15 IST" duration-ms="43" status="PASS">
          <reporter-output>
          </reporter-output>
        </test-method> <!-- setUpPagesAndUtils -->
        <test-method signature="validateName(java.lang.String,java.lang.String)[pri:0, instance:tests.TestScripts@1ce24091]" started-at="2025-06-28T23:00:15 IST" name="validateName" data-provider="filereader" finished-at="2025-06-28T23:00:16 IST" duration-ms="418" status="PASS">
          <params>
            <param index="0">
              <value>
                <![CDATA[Dhanush]]>
              </value>
            </param>
            <param index="1">
              <value>
                <![CDATA[pass]]>
              </value>
            </param>
          </params>
          <reporter-output>
          </reporter-output>
        </test-method> <!-- validateName -->
        <test-method is-config="true" signature="setUpPagesAndUtils()[pri:0, instance:tests.TestScripts@1ce24091]" started-at="2025-06-28T23:00:16 IST" name="setUpPagesAndUtils" finished-at="2025-06-28T23:00:16 IST" duration-ms="1" status="PASS">
          <reporter-output>
          </reporter-output>
        </test-method> <!-- setUpPagesAndUtils -->
        <test-method signature="validateName(java.lang.String,java.lang.String)[pri:0, instance:tests.TestScripts@1ce24091]" started-at="2025-06-28T23:00:16 IST" name="validateName" data-provider="filereader" finished-at="2025-06-28T23:00:16 IST" duration-ms="236" status="PASS">
          <params>
            <param index="0">
              <value>
                <![CDATA[ ]]>
              </value>
            </param>
            <param index="1">
              <value>
                <![CDATA[fail]]>
              </value>
            </param>
          </params>
          <reporter-output>
          </reporter-output>
        </test-method> <!-- validateName -->
        <test-method is-config="true" signature="setUpPagesAndUtils()[pri:0, instance:tests.TestScripts@1ce24091]" started-at="2025-06-28T23:00:16 IST" name="setUpPagesAndUtils" finished-at="2025-06-28T23:00:16 IST" duration-ms="1" status="PASS">
          <reporter-output>
          </reporter-output>
        </test-method> <!-- setUpPagesAndUtils -->
        <test-method signature="validateName(java.lang.String,java.lang.String)[pri:0, instance:tests.TestScripts@1ce24091]" started-at="2025-06-28T23:00:16 IST" name="validateName" data-provider="filereader" finished-at="2025-06-28T23:00:16 IST" duration-ms="263" status="PASS">
          <params>
            <param index="0">
              <value>
                <![CDATA[Dha123]]>
              </value>
            </param>
            <param index="1">
              <value>
                <![CDATA[fail]]>
              </value>
            </param>
          </params>
          <reporter-output>
          </reporter-output>
        </test-method> <!-- validateName -->
        <test-method is-config="true" signature="setUpPagesAndUtils()[pri:0, instance:tests.TestScripts@1ce24091]" started-at="2025-06-28T23:00:16 IST" name="setUpPagesAndUtils" finished-at="2025-06-28T23:00:16 IST" duration-ms="2" status="PASS">
          <reporter-output>
          </reporter-output>
        </test-method> <!-- setUpPagesAndUtils -->
        <test-method signature="validateName(java.lang.String,java.lang.String)[pri:0, instance:tests.TestScripts@1ce24091]" started-at="2025-06-28T23:00:16 IST" name="validateName" data-provider="filereader" finished-at="2025-06-28T23:00:17 IST" duration-ms="276" status="PASS">
          <params>
            <param index="0">
              <value>
                <![CDATA[*(@dha]]>
              </value>
            </param>
            <param index="1">
              <value>
                <![CDATA[fail]]>
              </value>
            </param>
          </params>
          <reporter-output>
          </reporter-output>
        </test-method> <!-- validateName -->
        <test-method is-config="true" signature="tearDown()[pri:0, instance:tests.TestScripts@1ce24091]" started-at="2025-06-28T23:00:17 IST" name="tearDown" finished-at="2025-06-28T23:00:19 IST" duration-ms="2745" status="PASS">
          <reporter-output>
          </reporter-output>
        </test-method> <!-- tearDown -->
      </class> <!-- tests.TestScripts -->
    </test> <!-- Default test -->
  </suite> <!-- Default suite -->
</testng-results>
