<?xml version="1.0" encoding="UTF-8"?>
<testng-results ignored="0" total="0" passed="0" failed="0" skipped="0">
  <reporter-output>
  </reporter-output>
  <suite started-at="2025-06-25T14:46:42 IST" name="Suite" finished-at="2025-06-25T14:46:56 IST" duration-ms="14410">
    <groups>
    </groups>
    <test started-at="2025-06-25T14:46:42 IST" name="Test2" finished-at="2025-06-25T14:46:56 IST" duration-ms="14212">
      <class name="tests.TestScripts">
        <test-method is-config="true" signature="setUp(java.lang.String)[pri:0, instance:tests.TestScripts@367ffa75]" started-at="2025-06-25T14:46:42 IST" name="setUp" finished-at="2025-06-25T14:46:56 IST" duration-ms="14170" status="PASS">
          <params>
            <param index="0">
              <value>
                <![CDATA[edge]]>
              </value>
            </param>
          </params>
          <reporter-output>
          </reporter-output>
        </test-method> <!-- setUp -->
        <test-method is-config="true" signature="closing()[pri:0, instance:tests.TestScripts@367ffa75]" started-at="2025-06-25T14:46:56 IST" name="closing" finished-at="2025-06-25T14:46:56 IST" duration-ms="2" status="PASS">
          <reporter-output>
          </reporter-output>
        </test-method> <!-- closing -->
      </class> <!-- tests.TestScripts -->
    </test> <!-- Test2 -->
    <test started-at="2025-06-25T14:46:42 IST" name="Test1" finished-at="2025-06-25T14:46:56 IST" duration-ms="14410">
      <class name="tests.TestScripts">
        <test-method is-config="true" signature="setUp(java.lang.String)[pri:0, instance:tests.TestScripts@3c46e67a]" started-at="2025-06-25T14:46:42 IST" name="setUp" finished-at="2025-06-25T14:46:56 IST" duration-ms="14383" status="PASS">
          <params>
            <param index="0">
              <value>
                <![CDATA[chrome]]>
              </value>
            </param>
          </params>
          <reporter-output>
          </reporter-output>
        </test-method> <!-- setUp -->
        <test-method is-config="true" signature="closing()[pri:0, instance:tests.TestScripts@3c46e67a]" started-at="2025-06-25T14:46:56 IST" name="closing" finished-at="2025-06-25T14:46:56 IST" duration-ms="1" status="PASS">
          <reporter-output>
          </reporter-output>
        </test-method> <!-- closing -->
      </class> <!-- tests.TestScripts -->
    </test> <!-- Test1 -->
  </suite> <!-- Suite -->
</testng-results>
