<?xml version="1.0" encoding="UTF-8"?>
<testng-results ignored="5" total="6" passed="1" failed="0" skipped="0">
  <reporter-output>
  </reporter-output>
  <suite started-at="2025-06-29T13:41:57 IST" name="Default suite" finished-at="2025-06-29T13:42:07 IST" duration-ms="10358">
    <groups>
    </groups>
    <test started-at="2025-06-29T13:41:57 IST" name="Default test" finished-at="2025-06-29T13:42:07 IST" duration-ms="10358">
      <class name="tests.TestScripts">
        <test-method is-config="true" signature="setUp(java.lang.String)[pri:0, instance:tests.TestScripts@5dda768f]" started-at="2025-06-29T13:41:57 IST" name="setUp" finished-at="2025-06-29T13:42:03 IST" duration-ms="6225" status="PASS">
          <params>
            <param index="0">
              <value>
                <![CDATA[chrome]]>
              </value>
            </param>
          </params>
          <reporter-output>
          </reporter-output>
        </test-method> <!-- setUp -->
        <test-method is-config="true" signature="setUpPagesAndUtils()[pri:0, instance:tests.TestScripts@5dda768f]" started-at="2025-06-29T13:42:03 IST" name="setUpPagesAndUtils" finished-at="2025-06-29T13:42:03 IST" duration-ms="67" status="PASS">
          <reporter-output>
          </reporter-output>
        </test-method> <!-- setUpPagesAndUtils -->
        <test-method signature="validateCalculate()[pri:5, instance:tests.TestScripts@5dda768f]" started-at="2025-06-29T13:42:03 IST" name="validateCalculate" finished-at="2025-06-29T13:42:04 IST" duration-ms="931" status="PASS">
          <reporter-output>
          </reporter-output>
        </test-method> <!-- validateCalculate -->
        <test-method is-config="true" signature="tearDown()[pri:0, instance:tests.TestScripts@5dda768f]" started-at="2025-06-29T13:42:04 IST" name="tearDown" finished-at="2025-06-29T13:42:07 IST" duration-ms="3030" status="PASS">
          <reporter-output>
          </reporter-output>
        </test-method> <!-- tearDown -->
      </class> <!-- tests.TestScripts -->
    </test> <!-- Default test -->
  </suite> <!-- Default suite -->
</testng-results>
