<?xml version="1.0" encoding="UTF-8"?>
<testng-results ignored="8" total="9" passed="1" failed="0" skipped="0">
  <reporter-output>
  </reporter-output>
  <suite started-at="2025-06-29T22:40:51 IST" name="Default suite" finished-at="2025-06-29T22:41:07 IST" duration-ms="15557">
    <groups>
    </groups>
    <test started-at="2025-06-29T22:40:51 IST" name="Default test" finished-at="2025-06-29T22:41:07 IST" duration-ms="15557">
      <class name="tests.TestScripts">
        <test-method is-config="true" signature="setUp(java.lang.String)[pri:0, instance:tests.TestScripts@3a52dba3]" started-at="2025-06-29T22:40:51 IST" name="setUp" finished-at="2025-06-29T22:41:00 IST" duration-ms="8779" status="PASS">
          <params>
            <param index="0">
              <value>
                <![CDATA[chrome]]>
              </value>
            </param>
          </params>
          <reporter-output>
          </reporter-output>
        </test-method> <!-- setUp -->
        <test-method is-config="true" signature="setUpPagesAndUtils()[pri:0, instance:tests.TestScripts@3a52dba3]" started-at="2025-06-29T22:41:00 IST" name="setUpPagesAndUtils" finished-at="2025-06-29T22:41:00 IST" duration-ms="184" status="PASS">
          <reporter-output>
          </reporter-output>
        </test-method> <!-- setUpPagesAndUtils -->
        <test-method signature="validateResetButton()[pri:7, instance:tests.TestScripts@3a52dba3]" started-at="2025-06-29T22:41:00 IST" name="validateResetButton" finished-at="2025-06-29T22:41:03 IST" duration-ms="2674" status="PASS">
          <reporter-output>
          </reporter-output>
        </test-method> <!-- validateResetButton -->
        <test-method is-config="true" signature="tearDown()[pri:0, instance:tests.TestScripts@3a52dba3]" started-at="2025-06-29T22:41:03 IST" name="tearDown" finished-at="2025-06-29T22:41:07 IST" duration-ms="3657" status="PASS">
          <reporter-output>
          </reporter-output>
        </test-method> <!-- tearDown -->
      </class> <!-- tests.TestScripts -->
    </test> <!-- Default test -->
  </suite> <!-- Default suite -->
</testng-results>
