<?xml version="1.0" encoding="UTF-8"?>
<!-- Generated by org.testng.reporters.JUnitXMLReporter -->
<testsuite ignored="8" hostname="LTIN619452" failures="0" tests="1" name="Default test" time="15.557" errors="0" timestamp="2025-06-29T22:41:07 IST">
  <testcase classname="tests.TestScripts" name="validateResetButton" time="2.674"/>
  <testcase classname="tests.TestScripts" name="validateDiastolic" time="0.0">
    <ignored/>
  </testcase> <!-- validateDiastolic -->
  <testcase classname="tests.TestScripts" name="validateSystolic" time="0.0">
    <ignored/>
  </testcase> <!-- validateSystolic -->
  <testcase classname="tests.TestScripts" name="validateName" time="0.0">
    <ignored/>
  </testcase> <!-- validateName -->
  <testcase classname="tests.TestScripts" name="validateAge" time="0.0">
    <ignored/>
  </testcase> <!-- validateAge -->
  <testcase classname="tests.TestScripts" name="validatePulse" time="0.0">
    <ignored/>
  </testcase> <!-- validatePulse -->
  <testcase classname="tests.TestScripts" name="validateScoresGenerated" time="0.0">
    <ignored/>
  </testcase> <!-- validateScoresGenerated -->
  <testcase classname="tests.TestScripts" name="validateCalculate" time="0.0">
    <ignored/>
  </testcase> <!-- validateCalculate -->
  <testcase classname="tests.TestScripts" name="validateHealthRemark" time="0.0">
    <ignored/>
  </testcase> <!-- validateHealthRemark -->
</testsuite> <!-- Default test -->
