<?xml version="1.0" encoding="UTF-8"?>
<!-- Generated by org.testng.reporters.JUnitXMLReporter -->
<testsuite ignored="4" hostname="LTIN619452" failures="0" tests="4" name="Default test" time="9.889" errors="0" timestamp="2025-06-28T23:00:19 IST">
  <testcase classname="tests.TestScripts" name="validateName" time="0.418"/>
  <testcase classname="tests.TestScripts" name="validateName" time="0.236"/>
  <testcase classname="tests.TestScripts" name="validateName" time="0.263"/>
  <testcase classname="tests.TestScripts" name="validateName" time="0.276"/>
  <testcase classname="tests.TestScripts" name="validatePulse" time="0.0">
    <ignored/>
  </testcase> <!-- validatePulse -->
  <testcase classname="tests.TestScripts" name="validateSystolic" time="0.0">
    <ignored/>
  </testcase> <!-- validateSystolic -->
  <testcase classname="tests.TestScripts" name="validateAge" time="0.0">
    <ignored/>
  </testcase> <!-- validateAge -->
  <testcase classname="tests.TestScripts" name="validateDiastolic" time="0.0">
    <ignored/>
  </testcase> <!-- validateDiastolic -->
</testsuite> <!-- Default test -->
